WARNING - 2025-01-14 02:07:11 --> [DEPRECATED] Creation of dynamic property App\Controllers\DataUmum::$dataUmumModel is deprecated in APPPATH\Controllers\DataUmum.php on line 14.
 1 SYSTEMPATH\CodeIgniter.php(903): App\Controllers\DataUmum->__construct()
 2 SYSTEMPATH\CodeIgniter.php(500): CodeIgniter\CodeIgniter->createController()
 3 SYSTEMPATH\CodeIgniter.php(355): CodeIgniter\CodeIgniter->handleRequest(null, Object(Config\Cache), false)
 4 SYSTEMPATH\Boot.php(325): CodeIgniter\CodeIgniter->run()
 5 SYSTEMPATH\Boot.php(67): CodeIgniter\Boot::runCodeIgniter(Object(CodeIgniter\CodeIgniter))
 6 FCPATH\index.php(56): CodeIgniter\Boot::bootWeb(Object(Config\Paths))
WARNING - 2025-01-14 02:07:14 --> [DEPRECATED] Creation of dynamic property App\Controllers\DataUmum::$dataUmumModel is deprecated in APPPATH\Controllers\DataUmum.php on line 14.
 1 SYSTEMPATH\CodeIgniter.php(903): App\Controllers\DataUmum->__construct()
 2 SYSTEMPATH\CodeIgniter.php(500): CodeIgniter\CodeIgniter->createController()
 3 SYSTEMPATH\CodeIgniter.php(355): CodeIgniter\CodeIgniter->handleRequest(null, Object(Config\Cache), false)
 4 SYSTEMPATH\Boot.php(325): CodeIgniter\CodeIgniter->run()
 5 SYSTEMPATH\Boot.php(67): CodeIgniter\Boot::runCodeIgniter(Object(CodeIgniter\CodeIgniter))
 6 FCPATH\index.php(56): CodeIgniter\Boot::bootWeb(Object(Config\Paths))
WARNING - 2025-01-14 03:05:13 --> [DEPRECATED] Creation of dynamic property App\Controllers\DataUmum::$dataUmumModel is deprecated in APPPATH\Controllers\DataUmum.php on line 14.
 1 SYSTEMPATH\CodeIgniter.php(903): App\Controllers\DataUmum->__construct()
 2 SYSTEMPATH\CodeIgniter.php(500): CodeIgniter\CodeIgniter->createController()
 3 SYSTEMPATH\CodeIgniter.php(355): CodeIgniter\CodeIgniter->handleRequest(null, Object(Config\Cache), false)
 4 SYSTEMPATH\Boot.php(325): CodeIgniter\CodeIgniter->run()
 5 SYSTEMPATH\Boot.php(67): CodeIgniter\Boot::runCodeIgniter(Object(CodeIgniter\CodeIgniter))
 6 FCPATH\index.php(56): CodeIgniter\Boot::bootWeb(Object(Config\Paths))
WARNING - 2025-01-14 03:24:00 --> [DEPRECATED] Creation of dynamic property App\Controllers\DataUmum::$dataUmumModel is deprecated in APPPATH\Controllers\DataUmum.php on line 14.
 1 SYSTEMPATH\CodeIgniter.php(903): App\Controllers\DataUmum->__construct()
 2 SYSTEMPATH\CodeIgniter.php(500): CodeIgniter\CodeIgniter->createController()
 3 SYSTEMPATH\CodeIgniter.php(355): CodeIgniter\CodeIgniter->handleRequest(null, Object(Config\Cache), false)
 4 SYSTEMPATH\Boot.php(325): CodeIgniter\CodeIgniter->run()
 5 SYSTEMPATH\Boot.php(67): CodeIgniter\Boot::runCodeIgniter(Object(CodeIgniter\CodeIgniter))
 6 FCPATH\index.php(56): CodeIgniter\Boot::bootWeb(Object(Config\Paths))
WARNING - 2025-01-14 03:24:05 --> [DEPRECATED] Creation of dynamic property App\Controllers\DataUmum::$dataUmumModel is deprecated in APPPATH\Controllers\DataUmum.php on line 14.
 1 SYSTEMPATH\CodeIgniter.php(903): App\Controllers\DataUmum->__construct()
 2 SYSTEMPATH\CodeIgniter.php(500): CodeIgniter\CodeIgniter->createController()
 3 SYSTEMPATH\CodeIgniter.php(355): CodeIgniter\CodeIgniter->handleRequest(null, Object(Config\Cache), false)
 4 SYSTEMPATH\Boot.php(325): CodeIgniter\CodeIgniter->run()
 5 SYSTEMPATH\Boot.php(67): CodeIgniter\Boot::runCodeIgniter(Object(CodeIgniter\CodeIgniter))
 6 FCPATH\index.php(56): CodeIgniter\Boot::bootWeb(Object(Config\Paths))
WARNING - 2025-01-14 03:24:11 --> [DEPRECATED] Creation of dynamic property App\Controllers\DataUmum::$dataUmumModel is deprecated in APPPATH\Controllers\DataUmum.php on line 14.
 1 SYSTEMPATH\CodeIgniter.php(903): App\Controllers\DataUmum->__construct()
 2 SYSTEMPATH\CodeIgniter.php(500): CodeIgniter\CodeIgniter->createController()
 3 SYSTEMPATH\CodeIgniter.php(355): CodeIgniter\CodeIgniter->handleRequest(null, Object(Config\Cache), false)
 4 SYSTEMPATH\Boot.php(325): CodeIgniter\CodeIgniter->run()
 5 SYSTEMPATH\Boot.php(67): CodeIgniter\Boot::runCodeIgniter(Object(CodeIgniter\CodeIgniter))
 6 FCPATH\index.php(56): CodeIgniter\Boot::bootWeb(Object(Config\Paths))
WARNING - 2025-01-14 03:31:54 --> [DEPRECATED] Creation of dynamic property App\Controllers\DataUmum::$dataUmumModel is deprecated in APPPATH\Controllers\DataUmum.php on line 14.
 1 SYSTEMPATH\CodeIgniter.php(903): App\Controllers\DataUmum->__construct()
 2 SYSTEMPATH\CodeIgniter.php(500): CodeIgniter\CodeIgniter->createController()
 3 SYSTEMPATH\CodeIgniter.php(355): CodeIgniter\CodeIgniter->handleRequest(null, Object(Config\Cache), false)
 4 SYSTEMPATH\Boot.php(325): CodeIgniter\CodeIgniter->run()
 5 SYSTEMPATH\Boot.php(67): CodeIgniter\Boot::runCodeIgniter(Object(CodeIgniter\CodeIgniter))
 6 FCPATH\index.php(56): CodeIgniter\Boot::bootWeb(Object(Config\Paths))
WARNING - 2025-01-14 03:31:55 --> [DEPRECATED] Creation of dynamic property App\Controllers\DataUmum::$dataUmumModel is deprecated in APPPATH\Controllers\DataUmum.php on line 14.
 1 SYSTEMPATH\CodeIgniter.php(903): App\Controllers\DataUmum->__construct()
 2 SYSTEMPATH\CodeIgniter.php(500): CodeIgniter\CodeIgniter->createController()
 3 SYSTEMPATH\CodeIgniter.php(355): CodeIgniter\CodeIgniter->handleRequest(null, Object(Config\Cache), false)
 4 SYSTEMPATH\Boot.php(325): CodeIgniter\CodeIgniter->run()
 5 SYSTEMPATH\Boot.php(67): CodeIgniter\Boot::runCodeIgniter(Object(CodeIgniter\CodeIgniter))
 6 FCPATH\index.php(56): CodeIgniter\Boot::bootWeb(Object(Config\Paths))
WARNING - 2025-01-14 03:31:56 --> [DEPRECATED] Creation of dynamic property App\Controllers\DataUmum::$dataUmumModel is deprecated in APPPATH\Controllers\DataUmum.php on line 14.
 1 SYSTEMPATH\CodeIgniter.php(903): App\Controllers\DataUmum->__construct()
 2 SYSTEMPATH\CodeIgniter.php(500): CodeIgniter\CodeIgniter->createController()
 3 SYSTEMPATH\CodeIgniter.php(355): CodeIgniter\CodeIgniter->handleRequest(null, Object(Config\Cache), false)
 4 SYSTEMPATH\Boot.php(325): CodeIgniter\CodeIgniter->run()
 5 SYSTEMPATH\Boot.php(67): CodeIgniter\Boot::runCodeIgniter(Object(CodeIgniter\CodeIgniter))
 6 FCPATH\index.php(56): CodeIgniter\Boot::bootWeb(Object(Config\Paths))
WARNING - 2025-01-14 03:33:25 --> [DEPRECATED] Creation of dynamic property App\Controllers\DataUmum::$dataUmumModel is deprecated in APPPATH\Controllers\DataUmum.php on line 14.
 1 SYSTEMPATH\CodeIgniter.php(903): App\Controllers\DataUmum->__construct()
 2 SYSTEMPATH\CodeIgniter.php(500): CodeIgniter\CodeIgniter->createController()
 3 SYSTEMPATH\CodeIgniter.php(355): CodeIgniter\CodeIgniter->handleRequest(null, Object(Config\Cache), false)
 4 SYSTEMPATH\Boot.php(325): CodeIgniter\CodeIgniter->run()
 5 SYSTEMPATH\Boot.php(67): CodeIgniter\Boot::runCodeIgniter(Object(CodeIgniter\CodeIgniter))
 6 FCPATH\index.php(56): CodeIgniter\Boot::bootWeb(Object(Config\Paths))
WARNING - 2025-01-14 03:42:39 --> [DEPRECATED] Creation of dynamic property App\Controllers\DataUmum::$dataUmumModel is deprecated in APPPATH\Controllers\DataUmum.php on line 14.
 1 SYSTEMPATH\CodeIgniter.php(903): App\Controllers\DataUmum->__construct()
 2 SYSTEMPATH\CodeIgniter.php(500): CodeIgniter\CodeIgniter->createController()
 3 SYSTEMPATH\CodeIgniter.php(355): CodeIgniter\CodeIgniter->handleRequest(null, Object(Config\Cache), false)
 4 SYSTEMPATH\Boot.php(325): CodeIgniter\CodeIgniter->run()
 5 SYSTEMPATH\Boot.php(67): CodeIgniter\Boot::runCodeIgniter(Object(CodeIgniter\CodeIgniter))
 6 FCPATH\index.php(56): CodeIgniter\Boot::bootWeb(Object(Config\Paths))
WARNING - 2025-01-14 03:42:41 --> [DEPRECATED] Creation of dynamic property App\Controllers\DataUmum::$dataUmumModel is deprecated in APPPATH\Controllers\DataUmum.php on line 14.
 1 SYSTEMPATH\CodeIgniter.php(903): App\Controllers\DataUmum->__construct()
 2 SYSTEMPATH\CodeIgniter.php(500): CodeIgniter\CodeIgniter->createController()
 3 SYSTEMPATH\CodeIgniter.php(355): CodeIgniter\CodeIgniter->handleRequest(null, Object(Config\Cache), false)
 4 SYSTEMPATH\Boot.php(325): CodeIgniter\CodeIgniter->run()
 5 SYSTEMPATH\Boot.php(67): CodeIgniter\Boot::runCodeIgniter(Object(CodeIgniter\CodeIgniter))
 6 FCPATH\index.php(56): CodeIgniter\Boot::bootWeb(Object(Config\Paths))
WARNING - 2025-01-14 03:44:22 --> [DEPRECATED] Creation of dynamic property App\Controllers\DataUmum::$dataUmumModel is deprecated in APPPATH\Controllers\DataUmum.php on line 14.
 1 SYSTEMPATH\CodeIgniter.php(903): App\Controllers\DataUmum->__construct()
 2 SYSTEMPATH\CodeIgniter.php(500): CodeIgniter\CodeIgniter->createController()
 3 SYSTEMPATH\CodeIgniter.php(355): CodeIgniter\CodeIgniter->handleRequest(null, Object(Config\Cache), false)
 4 SYSTEMPATH\Boot.php(325): CodeIgniter\CodeIgniter->run()
 5 SYSTEMPATH\Boot.php(67): CodeIgniter\Boot::runCodeIgniter(Object(CodeIgniter\CodeIgniter))
 6 FCPATH\index.php(56): CodeIgniter\Boot::bootWeb(Object(Config\Paths))
WARNING - 2025-01-14 03:44:23 --> [DEPRECATED] Creation of dynamic property App\Controllers\DataUmum::$dataUmumModel is deprecated in APPPATH\Controllers\DataUmum.php on line 14.
 1 SYSTEMPATH\CodeIgniter.php(903): App\Controllers\DataUmum->__construct()
 2 SYSTEMPATH\CodeIgniter.php(500): CodeIgniter\CodeIgniter->createController()
 3 SYSTEMPATH\CodeIgniter.php(355): CodeIgniter\CodeIgniter->handleRequest(null, Object(Config\Cache), false)
 4 SYSTEMPATH\Boot.php(325): CodeIgniter\CodeIgniter->run()
 5 SYSTEMPATH\Boot.php(67): CodeIgniter\Boot::runCodeIgniter(Object(CodeIgniter\CodeIgniter))
 6 FCPATH\index.php(56): CodeIgniter\Boot::bootWeb(Object(Config\Paths))
WARNING - 2025-01-14 03:44:23 --> [DEPRECATED] Creation of dynamic property App\Controllers\DataUmum::$dataUmumModel is deprecated in APPPATH\Controllers\DataUmum.php on line 14.
 1 SYSTEMPATH\CodeIgniter.php(903): App\Controllers\DataUmum->__construct()
 2 SYSTEMPATH\CodeIgniter.php(500): CodeIgniter\CodeIgniter->createController()
 3 SYSTEMPATH\CodeIgniter.php(355): CodeIgniter\CodeIgniter->handleRequest(null, Object(Config\Cache), false)
 4 SYSTEMPATH\Boot.php(325): CodeIgniter\CodeIgniter->run()
 5 SYSTEMPATH\Boot.php(67): CodeIgniter\Boot::runCodeIgniter(Object(CodeIgniter\CodeIgniter))
 6 FCPATH\index.php(56): CodeIgniter\Boot::bootWeb(Object(Config\Paths))
WARNING - 2025-01-14 03:44:25 --> [DEPRECATED] Creation of dynamic property App\Controllers\DataUmum::$dataUmumModel is deprecated in APPPATH\Controllers\DataUmum.php on line 14.
 1 SYSTEMPATH\CodeIgniter.php(903): App\Controllers\DataUmum->__construct()
 2 SYSTEMPATH\CodeIgniter.php(500): CodeIgniter\CodeIgniter->createController()
 3 SYSTEMPATH\CodeIgniter.php(355): CodeIgniter\CodeIgniter->handleRequest(null, Object(Config\Cache), false)
 4 SYSTEMPATH\Boot.php(325): CodeIgniter\CodeIgniter->run()
 5 SYSTEMPATH\Boot.php(67): CodeIgniter\Boot::runCodeIgniter(Object(CodeIgniter\CodeIgniter))
 6 FCPATH\index.php(56): CodeIgniter\Boot::bootWeb(Object(Config\Paths))
WARNING - 2025-01-14 03:44:28 --> [DEPRECATED] Creation of dynamic property App\Controllers\DataUmum::$dataUmumModel is deprecated in APPPATH\Controllers\DataUmum.php on line 14.
 1 SYSTEMPATH\CodeIgniter.php(903): App\Controllers\DataUmum->__construct()
 2 SYSTEMPATH\CodeIgniter.php(500): CodeIgniter\CodeIgniter->createController()
 3 SYSTEMPATH\CodeIgniter.php(355): CodeIgniter\CodeIgniter->handleRequest(null, Object(Config\Cache), false)
 4 SYSTEMPATH\Boot.php(325): CodeIgniter\CodeIgniter->run()
 5 SYSTEMPATH\Boot.php(67): CodeIgniter\Boot::runCodeIgniter(Object(CodeIgniter\CodeIgniter))
 6 FCPATH\index.php(56): CodeIgniter\Boot::bootWeb(Object(Config\Paths))
WARNING - 2025-01-14 03:44:35 --> [DEPRECATED] Creation of dynamic property App\Controllers\DataUmum::$dataUmumModel is deprecated in APPPATH\Controllers\DataUmum.php on line 14.
 1 SYSTEMPATH\CodeIgniter.php(903): App\Controllers\DataUmum->__construct()
 2 SYSTEMPATH\CodeIgniter.php(500): CodeIgniter\CodeIgniter->createController()
 3 SYSTEMPATH\CodeIgniter.php(355): CodeIgniter\CodeIgniter->handleRequest(null, Object(Config\Cache), false)
 4 SYSTEMPATH\Boot.php(325): CodeIgniter\CodeIgniter->run()
 5 SYSTEMPATH\Boot.php(67): CodeIgniter\Boot::runCodeIgniter(Object(CodeIgniter\CodeIgniter))
 6 FCPATH\index.php(56): CodeIgniter\Boot::bootWeb(Object(Config\Paths))
WARNING - 2025-01-14 03:44:36 --> [DEPRECATED] Creation of dynamic property App\Controllers\DataUmum::$dataUmumModel is deprecated in APPPATH\Controllers\DataUmum.php on line 14.
 1 SYSTEMPATH\CodeIgniter.php(903): App\Controllers\DataUmum->__construct()
 2 SYSTEMPATH\CodeIgniter.php(500): CodeIgniter\CodeIgniter->createController()
 3 SYSTEMPATH\CodeIgniter.php(355): CodeIgniter\CodeIgniter->handleRequest(null, Object(Config\Cache), false)
 4 SYSTEMPATH\Boot.php(325): CodeIgniter\CodeIgniter->run()
 5 SYSTEMPATH\Boot.php(67): CodeIgniter\Boot::runCodeIgniter(Object(CodeIgniter\CodeIgniter))
 6 FCPATH\index.php(56): CodeIgniter\Boot::bootWeb(Object(Config\Paths))
WARNING - 2025-01-14 03:44:38 --> [DEPRECATED] Creation of dynamic property App\Controllers\DataUmum::$dataUmumModel is deprecated in APPPATH\Controllers\DataUmum.php on line 14.
 1 SYSTEMPATH\CodeIgniter.php(903): App\Controllers\DataUmum->__construct()
 2 SYSTEMPATH\CodeIgniter.php(500): CodeIgniter\CodeIgniter->createController()
 3 SYSTEMPATH\CodeIgniter.php(355): CodeIgniter\CodeIgniter->handleRequest(null, Object(Config\Cache), false)
 4 SYSTEMPATH\Boot.php(325): CodeIgniter\CodeIgniter->run()
 5 SYSTEMPATH\Boot.php(67): CodeIgniter\Boot::runCodeIgniter(Object(CodeIgniter\CodeIgniter))
 6 FCPATH\index.php(56): CodeIgniter\Boot::bootWeb(Object(Config\Paths))
WARNING - 2025-01-14 03:44:40 --> [DEPRECATED] Creation of dynamic property App\Controllers\DataUmum::$dataUmumModel is deprecated in APPPATH\Controllers\DataUmum.php on line 14.
 1 SYSTEMPATH\CodeIgniter.php(903): App\Controllers\DataUmum->__construct()
 2 SYSTEMPATH\CodeIgniter.php(500): CodeIgniter\CodeIgniter->createController()
 3 SYSTEMPATH\CodeIgniter.php(355): CodeIgniter\CodeIgniter->handleRequest(null, Object(Config\Cache), false)
 4 SYSTEMPATH\Boot.php(325): CodeIgniter\CodeIgniter->run()
 5 SYSTEMPATH\Boot.php(67): CodeIgniter\Boot::runCodeIgniter(Object(CodeIgniter\CodeIgniter))
 6 FCPATH\index.php(56): CodeIgniter\Boot::bootWeb(Object(Config\Paths))
WARNING - 2025-01-14 03:44:42 --> [DEPRECATED] Creation of dynamic property App\Controllers\DataUmum::$dataUmumModel is deprecated in APPPATH\Controllers\DataUmum.php on line 14.
 1 SYSTEMPATH\CodeIgniter.php(903): App\Controllers\DataUmum->__construct()
 2 SYSTEMPATH\CodeIgniter.php(500): CodeIgniter\CodeIgniter->createController()
 3 SYSTEMPATH\CodeIgniter.php(355): CodeIgniter\CodeIgniter->handleRequest(null, Object(Config\Cache), false)
 4 SYSTEMPATH\Boot.php(325): CodeIgniter\CodeIgniter->run()
 5 SYSTEMPATH\Boot.php(67): CodeIgniter\Boot::runCodeIgniter(Object(CodeIgniter\CodeIgniter))
 6 FCPATH\index.php(56): CodeIgniter\Boot::bootWeb(Object(Config\Paths))
WARNING - 2025-01-14 03:44:45 --> [DEPRECATED] Creation of dynamic property App\Controllers\DataUmum::$dataUmumModel is deprecated in APPPATH\Controllers\DataUmum.php on line 14.
 1 SYSTEMPATH\CodeIgniter.php(903): App\Controllers\DataUmum->__construct()
 2 SYSTEMPATH\CodeIgniter.php(500): CodeIgniter\CodeIgniter->createController()
 3 SYSTEMPATH\CodeIgniter.php(355): CodeIgniter\CodeIgniter->handleRequest(null, Object(Config\Cache), false)
 4 SYSTEMPATH\Boot.php(325): CodeIgniter\CodeIgniter->run()
 5 SYSTEMPATH\Boot.php(67): CodeIgniter\Boot::runCodeIgniter(Object(CodeIgniter\CodeIgniter))
 6 FCPATH\index.php(56): CodeIgniter\Boot::bootWeb(Object(Config\Paths))
WARNING - 2025-01-14 03:45:36 --> [DEPRECATED] Creation of dynamic property App\Controllers\DataUmum::$dataUmumModel is deprecated in APPPATH\Controllers\DataUmum.php on line 14.
 1 SYSTEMPATH\CodeIgniter.php(903): App\Controllers\DataUmum->__construct()
 2 SYSTEMPATH\CodeIgniter.php(500): CodeIgniter\CodeIgniter->createController()
 3 SYSTEMPATH\CodeIgniter.php(355): CodeIgniter\CodeIgniter->handleRequest(null, Object(Config\Cache), false)
 4 SYSTEMPATH\Boot.php(325): CodeIgniter\CodeIgniter->run()
 5 SYSTEMPATH\Boot.php(67): CodeIgniter\Boot::runCodeIgniter(Object(CodeIgniter\CodeIgniter))
 6 FCPATH\index.php(56): CodeIgniter\Boot::bootWeb(Object(Config\Paths))
WARNING - 2025-01-14 03:45:44 --> [DEPRECATED] Creation of dynamic property App\Controllers\DataUmum::$dataUmumModel is deprecated in APPPATH\Controllers\DataUmum.php on line 14.
 1 SYSTEMPATH\CodeIgniter.php(903): App\Controllers\DataUmum->__construct()
 2 SYSTEMPATH\CodeIgniter.php(500): CodeIgniter\CodeIgniter->createController()
 3 SYSTEMPATH\CodeIgniter.php(355): CodeIgniter\CodeIgniter->handleRequest(null, Object(Config\Cache), false)
 4 SYSTEMPATH\Boot.php(325): CodeIgniter\CodeIgniter->run()
 5 SYSTEMPATH\Boot.php(67): CodeIgniter\Boot::runCodeIgniter(Object(CodeIgniter\CodeIgniter))
 6 FCPATH\index.php(56): CodeIgniter\Boot::bootWeb(Object(Config\Paths))
WARNING - 2025-01-14 03:45:48 --> [DEPRECATED] Creation of dynamic property App\Controllers\DataUmum::$dataUmumModel is deprecated in APPPATH\Controllers\DataUmum.php on line 14.
 1 SYSTEMPATH\CodeIgniter.php(903): App\Controllers\DataUmum->__construct()
 2 SYSTEMPATH\CodeIgniter.php(500): CodeIgniter\CodeIgniter->createController()
 3 SYSTEMPATH\CodeIgniter.php(355): CodeIgniter\CodeIgniter->handleRequest(null, Object(Config\Cache), false)
 4 SYSTEMPATH\Boot.php(325): CodeIgniter\CodeIgniter->run()
 5 SYSTEMPATH\Boot.php(67): CodeIgniter\Boot::runCodeIgniter(Object(CodeIgniter\CodeIgniter))
 6 FCPATH\index.php(56): CodeIgniter\Boot::bootWeb(Object(Config\Paths))
WARNING - 2025-01-14 03:46:00 --> [DEPRECATED] Creation of dynamic property App\Controllers\DataUmum::$dataUmumModel is deprecated in APPPATH\Controllers\DataUmum.php on line 14.
 1 SYSTEMPATH\CodeIgniter.php(903): App\Controllers\DataUmum->__construct()
 2 SYSTEMPATH\CodeIgniter.php(500): CodeIgniter\CodeIgniter->createController()
 3 SYSTEMPATH\CodeIgniter.php(355): CodeIgniter\CodeIgniter->handleRequest(null, Object(Config\Cache), false)
 4 SYSTEMPATH\Boot.php(325): CodeIgniter\CodeIgniter->run()
 5 SYSTEMPATH\Boot.php(67): CodeIgniter\Boot::runCodeIgniter(Object(CodeIgniter\CodeIgniter))
 6 FCPATH\index.php(56): CodeIgniter\Boot::bootWeb(Object(Config\Paths))
WARNING - 2025-01-14 03:46:09 --> [DEPRECATED] Creation of dynamic property App\Controllers\DataUmum::$dataUmumModel is deprecated in APPPATH\Controllers\DataUmum.php on line 14.
 1 SYSTEMPATH\CodeIgniter.php(903): App\Controllers\DataUmum->__construct()
 2 SYSTEMPATH\CodeIgniter.php(500): CodeIgniter\CodeIgniter->createController()
 3 SYSTEMPATH\CodeIgniter.php(355): CodeIgniter\CodeIgniter->handleRequest(null, Object(Config\Cache), false)
 4 SYSTEMPATH\Boot.php(325): CodeIgniter\CodeIgniter->run()
 5 SYSTEMPATH\Boot.php(67): CodeIgniter\Boot::runCodeIgniter(Object(CodeIgniter\CodeIgniter))
 6 FCPATH\index.php(56): CodeIgniter\Boot::bootWeb(Object(Config\Paths))
WARNING - 2025-01-14 03:46:11 --> [DEPRECATED] Creation of dynamic property App\Controllers\DataUmum::$dataUmumModel is deprecated in APPPATH\Controllers\DataUmum.php on line 14.
 1 SYSTEMPATH\CodeIgniter.php(903): App\Controllers\DataUmum->__construct()
 2 SYSTEMPATH\CodeIgniter.php(500): CodeIgniter\CodeIgniter->createController()
 3 SYSTEMPATH\CodeIgniter.php(355): CodeIgniter\CodeIgniter->handleRequest(null, Object(Config\Cache), false)
 4 SYSTEMPATH\Boot.php(325): CodeIgniter\CodeIgniter->run()
 5 SYSTEMPATH\Boot.php(67): CodeIgniter\Boot::runCodeIgniter(Object(CodeIgniter\CodeIgniter))
 6 FCPATH\index.php(56): CodeIgniter\Boot::bootWeb(Object(Config\Paths))
WARNING - 2025-01-14 03:46:14 --> [DEPRECATED] Creation of dynamic property App\Controllers\DataUmum::$dataUmumModel is deprecated in APPPATH\Controllers\DataUmum.php on line 14.
 1 SYSTEMPATH\CodeIgniter.php(903): App\Controllers\DataUmum->__construct()
 2 SYSTEMPATH\CodeIgniter.php(500): CodeIgniter\CodeIgniter->createController()
 3 SYSTEMPATH\CodeIgniter.php(355): CodeIgniter\CodeIgniter->handleRequest(null, Object(Config\Cache), false)
 4 SYSTEMPATH\Boot.php(325): CodeIgniter\CodeIgniter->run()
 5 SYSTEMPATH\Boot.php(67): CodeIgniter\Boot::runCodeIgniter(Object(CodeIgniter\CodeIgniter))
 6 FCPATH\index.php(56): CodeIgniter\Boot::bootWeb(Object(Config\Paths))
WARNING - 2025-01-14 06:53:36 --> [DEPRECATED] Creation of dynamic property App\Controllers\DataUmum::$dataUmumModel is deprecated in APPPATH\Controllers\DataUmum.php on line 14.
 1 SYSTEMPATH\CodeIgniter.php(903): App\Controllers\DataUmum->__construct()
 2 SYSTEMPATH\CodeIgniter.php(500): CodeIgniter\CodeIgniter->createController()
 3 SYSTEMPATH\CodeIgniter.php(355): CodeIgniter\CodeIgniter->handleRequest(null, Object(Config\Cache), false)
 4 SYSTEMPATH\Boot.php(325): CodeIgniter\CodeIgniter->run()
 5 SYSTEMPATH\Boot.php(67): CodeIgniter\Boot::runCodeIgniter(Object(CodeIgniter\CodeIgniter))
 6 FCPATH\index.php(56): CodeIgniter\Boot::bootWeb(Object(Config\Paths))
WARNING - 2025-01-14 06:53:38 --> [DEPRECATED] Creation of dynamic property App\Controllers\DataUmum::$dataUmumModel is deprecated in APPPATH\Controllers\DataUmum.php on line 14.
 1 SYSTEMPATH\CodeIgniter.php(903): App\Controllers\DataUmum->__construct()
 2 SYSTEMPATH\CodeIgniter.php(500): CodeIgniter\CodeIgniter->createController()
 3 SYSTEMPATH\CodeIgniter.php(355): CodeIgniter\CodeIgniter->handleRequest(null, Object(Config\Cache), false)
 4 SYSTEMPATH\Boot.php(325): CodeIgniter\CodeIgniter->run()
 5 SYSTEMPATH\Boot.php(67): CodeIgniter\Boot::runCodeIgniter(Object(CodeIgniter\CodeIgniter))
 6 FCPATH\index.php(56): CodeIgniter\Boot::bootWeb(Object(Config\Paths))
WARNING - 2025-01-14 06:53:49 --> [DEPRECATED] Creation of dynamic property App\Controllers\DataUmum::$dataUmumModel is deprecated in APPPATH\Controllers\DataUmum.php on line 14.
 1 SYSTEMPATH\CodeIgniter.php(903): App\Controllers\DataUmum->__construct()
 2 SYSTEMPATH\CodeIgniter.php(500): CodeIgniter\CodeIgniter->createController()
 3 SYSTEMPATH\CodeIgniter.php(355): CodeIgniter\CodeIgniter->handleRequest(null, Object(Config\Cache), false)
 4 SYSTEMPATH\Boot.php(325): CodeIgniter\CodeIgniter->run()
 5 SYSTEMPATH\Boot.php(67): CodeIgniter\Boot::runCodeIgniter(Object(CodeIgniter\CodeIgniter))
 6 FCPATH\index.php(56): CodeIgniter\Boot::bootWeb(Object(Config\Paths))
WARNING - 2025-01-14 06:53:52 --> [DEPRECATED] Creation of dynamic property App\Controllers\DataUmum::$dataUmumModel is deprecated in APPPATH\Controllers\DataUmum.php on line 14.
 1 SYSTEMPATH\CodeIgniter.php(903): App\Controllers\DataUmum->__construct()
 2 SYSTEMPATH\CodeIgniter.php(500): CodeIgniter\CodeIgniter->createController()
 3 SYSTEMPATH\CodeIgniter.php(355): CodeIgniter\CodeIgniter->handleRequest(null, Object(Config\Cache), false)
 4 SYSTEMPATH\Boot.php(325): CodeIgniter\CodeIgniter->run()
 5 SYSTEMPATH\Boot.php(67): CodeIgniter\Boot::runCodeIgniter(Object(CodeIgniter\CodeIgniter))
 6 FCPATH\index.php(56): CodeIgniter\Boot::bootWeb(Object(Config\Paths))
WARNING - 2025-01-14 06:53:54 --> [DEPRECATED] Creation of dynamic property App\Controllers\DataUmum::$dataUmumModel is deprecated in APPPATH\Controllers\DataUmum.php on line 14.
 1 SYSTEMPATH\CodeIgniter.php(903): App\Controllers\DataUmum->__construct()
 2 SYSTEMPATH\CodeIgniter.php(500): CodeIgniter\CodeIgniter->createController()
 3 SYSTEMPATH\CodeIgniter.php(355): CodeIgniter\CodeIgniter->handleRequest(null, Object(Config\Cache), false)
 4 SYSTEMPATH\Boot.php(325): CodeIgniter\CodeIgniter->run()
 5 SYSTEMPATH\Boot.php(67): CodeIgniter\Boot::runCodeIgniter(Object(CodeIgniter\CodeIgniter))
 6 FCPATH\index.php(56): CodeIgniter\Boot::bootWeb(Object(Config\Paths))
WARNING - 2025-01-14 06:55:14 --> [DEPRECATED] Creation of dynamic property App\Controllers\DataUmum::$dataUmumModel is deprecated in APPPATH\Controllers\DataUmum.php on line 14.
 1 SYSTEMPATH\CodeIgniter.php(903): App\Controllers\DataUmum->__construct()
 2 SYSTEMPATH\CodeIgniter.php(500): CodeIgniter\CodeIgniter->createController()
 3 SYSTEMPATH\CodeIgniter.php(355): CodeIgniter\CodeIgniter->handleRequest(null, Object(Config\Cache), false)
 4 SYSTEMPATH\Boot.php(325): CodeIgniter\CodeIgniter->run()
 5 SYSTEMPATH\Boot.php(67): CodeIgniter\Boot::runCodeIgniter(Object(CodeIgniter\CodeIgniter))
 6 FCPATH\index.php(56): CodeIgniter\Boot::bootWeb(Object(Config\Paths))
WARNING - 2025-01-14 06:55:16 --> [DEPRECATED] Creation of dynamic property App\Controllers\DataUmum::$dataUmumModel is deprecated in APPPATH\Controllers\DataUmum.php on line 14.
 1 SYSTEMPATH\CodeIgniter.php(903): App\Controllers\DataUmum->__construct()
 2 SYSTEMPATH\CodeIgniter.php(500): CodeIgniter\CodeIgniter->createController()
 3 SYSTEMPATH\CodeIgniter.php(355): CodeIgniter\CodeIgniter->handleRequest(null, Object(Config\Cache), false)
 4 SYSTEMPATH\Boot.php(325): CodeIgniter\CodeIgniter->run()
 5 SYSTEMPATH\Boot.php(67): CodeIgniter\Boot::runCodeIgniter(Object(CodeIgniter\CodeIgniter))
 6 FCPATH\index.php(56): CodeIgniter\Boot::bootWeb(Object(Config\Paths))
WARNING - 2025-01-14 07:04:28 --> [DEPRECATED] Creation of dynamic property App\Controllers\DataUmum::$dataUmumModel is deprecated in APPPATH\Controllers\DataUmum.php on line 14.
 1 SYSTEMPATH\CodeIgniter.php(903): App\Controllers\DataUmum->__construct()
 2 SYSTEMPATH\CodeIgniter.php(500): CodeIgniter\CodeIgniter->createController()
 3 SYSTEMPATH\CodeIgniter.php(355): CodeIgniter\CodeIgniter->handleRequest(null, Object(Config\Cache), false)
 4 SYSTEMPATH\Boot.php(325): CodeIgniter\CodeIgniter->run()
 5 SYSTEMPATH\Boot.php(67): CodeIgniter\Boot::runCodeIgniter(Object(CodeIgniter\CodeIgniter))
 6 FCPATH\index.php(56): CodeIgniter\Boot::bootWeb(Object(Config\Paths))
WARNING - 2025-01-14 07:04:32 --> [DEPRECATED] Creation of dynamic property App\Controllers\DataUmum::$dataUmumModel is deprecated in APPPATH\Controllers\DataUmum.php on line 14.
 1 SYSTEMPATH\CodeIgniter.php(903): App\Controllers\DataUmum->__construct()
 2 SYSTEMPATH\CodeIgniter.php(500): CodeIgniter\CodeIgniter->createController()
 3 SYSTEMPATH\CodeIgniter.php(355): CodeIgniter\CodeIgniter->handleRequest(null, Object(Config\Cache), false)
 4 SYSTEMPATH\Boot.php(325): CodeIgniter\CodeIgniter->run()
 5 SYSTEMPATH\Boot.php(67): CodeIgniter\Boot::runCodeIgniter(Object(CodeIgniter\CodeIgniter))
 6 FCPATH\index.php(56): CodeIgniter\Boot::bootWeb(Object(Config\Paths))
WARNING - 2025-01-14 07:04:35 --> [DEPRECATED] Creation of dynamic property App\Controllers\DataUmum::$dataUmumModel is deprecated in APPPATH\Controllers\DataUmum.php on line 14.
 1 SYSTEMPATH\CodeIgniter.php(903): App\Controllers\DataUmum->__construct()
 2 SYSTEMPATH\CodeIgniter.php(500): CodeIgniter\CodeIgniter->createController()
 3 SYSTEMPATH\CodeIgniter.php(355): CodeIgniter\CodeIgniter->handleRequest(null, Object(Config\Cache), false)
 4 SYSTEMPATH\Boot.php(325): CodeIgniter\CodeIgniter->run()
 5 SYSTEMPATH\Boot.php(67): CodeIgniter\Boot::runCodeIgniter(Object(CodeIgniter\CodeIgniter))
 6 FCPATH\index.php(56): CodeIgniter\Boot::bootWeb(Object(Config\Paths))
WARNING - 2025-01-14 07:04:46 --> [DEPRECATED] Creation of dynamic property App\Controllers\DataUmum::$dataUmumModel is deprecated in APPPATH\Controllers\DataUmum.php on line 14.
 1 SYSTEMPATH\CodeIgniter.php(903): App\Controllers\DataUmum->__construct()
 2 SYSTEMPATH\CodeIgniter.php(500): CodeIgniter\CodeIgniter->createController()
 3 SYSTEMPATH\CodeIgniter.php(355): CodeIgniter\CodeIgniter->handleRequest(null, Object(Config\Cache), false)
 4 SYSTEMPATH\Boot.php(325): CodeIgniter\CodeIgniter->run()
 5 SYSTEMPATH\Boot.php(67): CodeIgniter\Boot::runCodeIgniter(Object(CodeIgniter\CodeIgniter))
 6 FCPATH\index.php(56): CodeIgniter\Boot::bootWeb(Object(Config\Paths))
WARNING - 2025-01-14 07:24:44 --> [DEPRECATED] Creation of dynamic property App\Controllers\DataUmum::$dataUmumModel is deprecated in APPPATH\Controllers\DataUmum.php on line 14.
 1 SYSTEMPATH\CodeIgniter.php(903): App\Controllers\DataUmum->__construct()
 2 SYSTEMPATH\CodeIgniter.php(500): CodeIgniter\CodeIgniter->createController()
 3 SYSTEMPATH\CodeIgniter.php(355): CodeIgniter\CodeIgniter->handleRequest(null, Object(Config\Cache), false)
 4 SYSTEMPATH\Boot.php(325): CodeIgniter\CodeIgniter->run()
 5 SYSTEMPATH\Boot.php(67): CodeIgniter\Boot::runCodeIgniter(Object(CodeIgniter\CodeIgniter))
 6 FCPATH\index.php(56): CodeIgniter\Boot::bootWeb(Object(Config\Paths))
WARNING - 2025-01-14 07:24:46 --> [DEPRECATED] Creation of dynamic property App\Controllers\DataUmum::$dataUmumModel is deprecated in APPPATH\Controllers\DataUmum.php on line 14.
 1 SYSTEMPATH\CodeIgniter.php(903): App\Controllers\DataUmum->__construct()
 2 SYSTEMPATH\CodeIgniter.php(500): CodeIgniter\CodeIgniter->createController()
 3 SYSTEMPATH\CodeIgniter.php(355): CodeIgniter\CodeIgniter->handleRequest(null, Object(Config\Cache), false)
 4 SYSTEMPATH\Boot.php(325): CodeIgniter\CodeIgniter->run()
 5 SYSTEMPATH\Boot.php(67): CodeIgniter\Boot::runCodeIgniter(Object(CodeIgniter\CodeIgniter))
 6 FCPATH\index.php(56): CodeIgniter\Boot::bootWeb(Object(Config\Paths))
WARNING - 2025-01-14 07:25:04 --> [DEPRECATED] Creation of dynamic property App\Controllers\DataUmum::$dataUmumModel is deprecated in APPPATH\Controllers\DataUmum.php on line 14.
 1 SYSTEMPATH\CodeIgniter.php(903): App\Controllers\DataUmum->__construct()
 2 SYSTEMPATH\CodeIgniter.php(500): CodeIgniter\CodeIgniter->createController()
 3 SYSTEMPATH\CodeIgniter.php(355): CodeIgniter\CodeIgniter->handleRequest(null, Object(Config\Cache), false)
 4 SYSTEMPATH\Boot.php(325): CodeIgniter\CodeIgniter->run()
 5 SYSTEMPATH\Boot.php(67): CodeIgniter\Boot::runCodeIgniter(Object(CodeIgniter\CodeIgniter))
 6 FCPATH\index.php(56): CodeIgniter\Boot::bootWeb(Object(Config\Paths))
WARNING - 2025-01-14 07:25:05 --> [DEPRECATED] Creation of dynamic property App\Controllers\DataUmum::$dataUmumModel is deprecated in APPPATH\Controllers\DataUmum.php on line 14.
 1 SYSTEMPATH\CodeIgniter.php(903): App\Controllers\DataUmum->__construct()
 2 SYSTEMPATH\CodeIgniter.php(500): CodeIgniter\CodeIgniter->createController()
 3 SYSTEMPATH\CodeIgniter.php(355): CodeIgniter\CodeIgniter->handleRequest(null, Object(Config\Cache), false)
 4 SYSTEMPATH\Boot.php(325): CodeIgniter\CodeIgniter->run()
 5 SYSTEMPATH\Boot.php(67): CodeIgniter\Boot::runCodeIgniter(Object(CodeIgniter\CodeIgniter))
 6 FCPATH\index.php(56): CodeIgniter\Boot::bootWeb(Object(Config\Paths))
WARNING - 2025-01-14 07:25:08 --> [DEPRECATED] Creation of dynamic property App\Controllers\DataUmum::$dataUmumModel is deprecated in APPPATH\Controllers\DataUmum.php on line 14.
 1 SYSTEMPATH\CodeIgniter.php(903): App\Controllers\DataUmum->__construct()
 2 SYSTEMPATH\CodeIgniter.php(500): CodeIgniter\CodeIgniter->createController()
 3 SYSTEMPATH\CodeIgniter.php(355): CodeIgniter\CodeIgniter->handleRequest(null, Object(Config\Cache), false)
 4 SYSTEMPATH\Boot.php(325): CodeIgniter\CodeIgniter->run()
 5 SYSTEMPATH\Boot.php(67): CodeIgniter\Boot::runCodeIgniter(Object(CodeIgniter\CodeIgniter))
 6 FCPATH\index.php(56): CodeIgniter\Boot::bootWeb(Object(Config\Paths))
WARNING - 2025-01-14 07:25:29 --> [DEPRECATED] Creation of dynamic property App\Controllers\DataUmum::$dataUmumModel is deprecated in APPPATH\Controllers\DataUmum.php on line 14.
 1 SYSTEMPATH\CodeIgniter.php(903): App\Controllers\DataUmum->__construct()
 2 SYSTEMPATH\CodeIgniter.php(500): CodeIgniter\CodeIgniter->createController()
 3 SYSTEMPATH\CodeIgniter.php(355): CodeIgniter\CodeIgniter->handleRequest(null, Object(Config\Cache), false)
 4 SYSTEMPATH\Boot.php(325): CodeIgniter\CodeIgniter->run()
 5 SYSTEMPATH\Boot.php(67): CodeIgniter\Boot::runCodeIgniter(Object(CodeIgniter\CodeIgniter))
 6 FCPATH\index.php(56): CodeIgniter\Boot::bootWeb(Object(Config\Paths))
WARNING - 2025-01-14 07:25:52 --> [DEPRECATED] Creation of dynamic property App\Controllers\DataUmum::$dataUmumModel is deprecated in APPPATH\Controllers\DataUmum.php on line 14.
 1 SYSTEMPATH\CodeIgniter.php(903): App\Controllers\DataUmum->__construct()
 2 SYSTEMPATH\CodeIgniter.php(500): CodeIgniter\CodeIgniter->createController()
 3 SYSTEMPATH\CodeIgniter.php(355): CodeIgniter\CodeIgniter->handleRequest(null, Object(Config\Cache), false)
 4 SYSTEMPATH\Boot.php(325): CodeIgniter\CodeIgniter->run()
 5 SYSTEMPATH\Boot.php(67): CodeIgniter\Boot::runCodeIgniter(Object(CodeIgniter\CodeIgniter))
 6 FCPATH\index.php(56): CodeIgniter\Boot::bootWeb(Object(Config\Paths))
WARNING - 2025-01-14 07:26:01 --> [DEPRECATED] Creation of dynamic property App\Controllers\DataUmum::$dataUmumModel is deprecated in APPPATH\Controllers\DataUmum.php on line 14.
 1 SYSTEMPATH\CodeIgniter.php(903): App\Controllers\DataUmum->__construct()
 2 SYSTEMPATH\CodeIgniter.php(500): CodeIgniter\CodeIgniter->createController()
 3 SYSTEMPATH\CodeIgniter.php(355): CodeIgniter\CodeIgniter->handleRequest(null, Object(Config\Cache), false)
 4 SYSTEMPATH\Boot.php(325): CodeIgniter\CodeIgniter->run()
 5 SYSTEMPATH\Boot.php(67): CodeIgniter\Boot::runCodeIgniter(Object(CodeIgniter\CodeIgniter))
 6 FCPATH\index.php(56): CodeIgniter\Boot::bootWeb(Object(Config\Paths))
WARNING - 2025-01-14 07:26:12 --> [DEPRECATED] Creation of dynamic property App\Controllers\DataUmum::$dataUmumModel is deprecated in APPPATH\Controllers\DataUmum.php on line 14.
 1 SYSTEMPATH\CodeIgniter.php(903): App\Controllers\DataUmum->__construct()
 2 SYSTEMPATH\CodeIgniter.php(500): CodeIgniter\CodeIgniter->createController()
 3 SYSTEMPATH\CodeIgniter.php(355): CodeIgniter\CodeIgniter->handleRequest(null, Object(Config\Cache), false)
 4 SYSTEMPATH\Boot.php(325): CodeIgniter\CodeIgniter->run()
 5 SYSTEMPATH\Boot.php(67): CodeIgniter\Boot::runCodeIgniter(Object(CodeIgniter\CodeIgniter))
 6 FCPATH\index.php(56): CodeIgniter\Boot::bootWeb(Object(Config\Paths))
WARNING - 2025-01-14 07:26:19 --> [DEPRECATED] Creation of dynamic property App\Controllers\DataUmum::$dataUmumModel is deprecated in APPPATH\Controllers\DataUmum.php on line 14.
 1 SYSTEMPATH\CodeIgniter.php(903): App\Controllers\DataUmum->__construct()
 2 SYSTEMPATH\CodeIgniter.php(500): CodeIgniter\CodeIgniter->createController()
 3 SYSTEMPATH\CodeIgniter.php(355): CodeIgniter\CodeIgniter->handleRequest(null, Object(Config\Cache), false)
 4 SYSTEMPATH\Boot.php(325): CodeIgniter\CodeIgniter->run()
 5 SYSTEMPATH\Boot.php(67): CodeIgniter\Boot::runCodeIgniter(Object(CodeIgniter\CodeIgniter))
 6 FCPATH\index.php(56): CodeIgniter\Boot::bootWeb(Object(Config\Paths))
WARNING - 2025-01-14 07:26:37 --> [DEPRECATED] Creation of dynamic property App\Controllers\DataUmum::$dataUmumModel is deprecated in APPPATH\Controllers\DataUmum.php on line 14.
 1 SYSTEMPATH\CodeIgniter.php(903): App\Controllers\DataUmum->__construct()
 2 SYSTEMPATH\CodeIgniter.php(500): CodeIgniter\CodeIgniter->createController()
 3 SYSTEMPATH\CodeIgniter.php(355): CodeIgniter\CodeIgniter->handleRequest(null, Object(Config\Cache), false)
 4 SYSTEMPATH\Boot.php(325): CodeIgniter\CodeIgniter->run()
 5 SYSTEMPATH\Boot.php(67): CodeIgniter\Boot::runCodeIgniter(Object(CodeIgniter\CodeIgniter))
 6 FCPATH\index.php(56): CodeIgniter\Boot::bootWeb(Object(Config\Paths))
WARNING - 2025-01-14 07:26:42 --> [DEPRECATED] Creation of dynamic property App\Controllers\DataUmum::$dataUmumModel is deprecated in APPPATH\Controllers\DataUmum.php on line 14.
 1 SYSTEMPATH\CodeIgniter.php(903): App\Controllers\DataUmum->__construct()
 2 SYSTEMPATH\CodeIgniter.php(500): CodeIgniter\CodeIgniter->createController()
 3 SYSTEMPATH\CodeIgniter.php(355): CodeIgniter\CodeIgniter->handleRequest(null, Object(Config\Cache), false)
 4 SYSTEMPATH\Boot.php(325): CodeIgniter\CodeIgniter->run()
 5 SYSTEMPATH\Boot.php(67): CodeIgniter\Boot::runCodeIgniter(Object(CodeIgniter\CodeIgniter))
 6 FCPATH\index.php(56): CodeIgniter\Boot::bootWeb(Object(Config\Paths))
WARNING - 2025-01-14 07:29:58 --> [DEPRECATED] Creation of dynamic property App\Controllers\DataUmum::$dataUmumModel is deprecated in APPPATH\Controllers\DataUmum.php on line 14.
 1 SYSTEMPATH\CodeIgniter.php(903): App\Controllers\DataUmum->__construct()
 2 SYSTEMPATH\CodeIgniter.php(500): CodeIgniter\CodeIgniter->createController()
 3 SYSTEMPATH\CodeIgniter.php(355): CodeIgniter\CodeIgniter->handleRequest(null, Object(Config\Cache), false)
 4 SYSTEMPATH\Boot.php(325): CodeIgniter\CodeIgniter->run()
 5 SYSTEMPATH\Boot.php(67): CodeIgniter\Boot::runCodeIgniter(Object(CodeIgniter\CodeIgniter))
 6 FCPATH\index.php(56): CodeIgniter\Boot::bootWeb(Object(Config\Paths))
WARNING - 2025-01-14 07:30:05 --> [DEPRECATED] Creation of dynamic property App\Controllers\DataUmum::$dataUmumModel is deprecated in APPPATH\Controllers\DataUmum.php on line 14.
 1 SYSTEMPATH\CodeIgniter.php(903): App\Controllers\DataUmum->__construct()
 2 SYSTEMPATH\CodeIgniter.php(500): CodeIgniter\CodeIgniter->createController()
 3 SYSTEMPATH\CodeIgniter.php(355): CodeIgniter\CodeIgniter->handleRequest(null, Object(Config\Cache), false)
 4 SYSTEMPATH\Boot.php(325): CodeIgniter\CodeIgniter->run()
 5 SYSTEMPATH\Boot.php(67): CodeIgniter\Boot::runCodeIgniter(Object(CodeIgniter\CodeIgniter))
 6 FCPATH\index.php(56): CodeIgniter\Boot::bootWeb(Object(Config\Paths))
WARNING - 2025-01-14 07:30:08 --> [DEPRECATED] Creation of dynamic property App\Controllers\DataUmum::$dataUmumModel is deprecated in APPPATH\Controllers\DataUmum.php on line 14.
 1 SYSTEMPATH\CodeIgniter.php(903): App\Controllers\DataUmum->__construct()
 2 SYSTEMPATH\CodeIgniter.php(500): CodeIgniter\CodeIgniter->createController()
 3 SYSTEMPATH\CodeIgniter.php(355): CodeIgniter\CodeIgniter->handleRequest(null, Object(Config\Cache), false)
 4 SYSTEMPATH\Boot.php(325): CodeIgniter\CodeIgniter->run()
 5 SYSTEMPATH\Boot.php(67): CodeIgniter\Boot::runCodeIgniter(Object(CodeIgniter\CodeIgniter))
 6 FCPATH\index.php(56): CodeIgniter\Boot::bootWeb(Object(Config\Paths))
WARNING - 2025-01-14 07:30:18 --> [DEPRECATED] Creation of dynamic property App\Controllers\DataUmum::$dataUmumModel is deprecated in APPPATH\Controllers\DataUmum.php on line 14.
 1 SYSTEMPATH\CodeIgniter.php(903): App\Controllers\DataUmum->__construct()
 2 SYSTEMPATH\CodeIgniter.php(500): CodeIgniter\CodeIgniter->createController()
 3 SYSTEMPATH\CodeIgniter.php(355): CodeIgniter\CodeIgniter->handleRequest(null, Object(Config\Cache), false)
 4 SYSTEMPATH\Boot.php(325): CodeIgniter\CodeIgniter->run()
 5 SYSTEMPATH\Boot.php(67): CodeIgniter\Boot::runCodeIgniter(Object(CodeIgniter\CodeIgniter))
 6 FCPATH\index.php(56): CodeIgniter\Boot::bootWeb(Object(Config\Paths))
WARNING - 2025-01-14 07:30:22 --> [DEPRECATED] Creation of dynamic property App\Controllers\DataUmum::$dataUmumModel is deprecated in APPPATH\Controllers\DataUmum.php on line 14.
 1 SYSTEMPATH\CodeIgniter.php(903): App\Controllers\DataUmum->__construct()
 2 SYSTEMPATH\CodeIgniter.php(500): CodeIgniter\CodeIgniter->createController()
 3 SYSTEMPATH\CodeIgniter.php(355): CodeIgniter\CodeIgniter->handleRequest(null, Object(Config\Cache), false)
 4 SYSTEMPATH\Boot.php(325): CodeIgniter\CodeIgniter->run()
 5 SYSTEMPATH\Boot.php(67): CodeIgniter\Boot::runCodeIgniter(Object(CodeIgniter\CodeIgniter))
 6 FCPATH\index.php(56): CodeIgniter\Boot::bootWeb(Object(Config\Paths))
WARNING - 2025-01-14 07:30:25 --> [DEPRECATED] Creation of dynamic property App\Controllers\DataUmum::$dataUmumModel is deprecated in APPPATH\Controllers\DataUmum.php on line 14.
 1 SYSTEMPATH\CodeIgniter.php(903): App\Controllers\DataUmum->__construct()
 2 SYSTEMPATH\CodeIgniter.php(500): CodeIgniter\CodeIgniter->createController()
 3 SYSTEMPATH\CodeIgniter.php(355): CodeIgniter\CodeIgniter->handleRequest(null, Object(Config\Cache), false)
 4 SYSTEMPATH\Boot.php(325): CodeIgniter\CodeIgniter->run()
 5 SYSTEMPATH\Boot.php(67): CodeIgniter\Boot::runCodeIgniter(Object(CodeIgniter\CodeIgniter))
 6 FCPATH\index.php(56): CodeIgniter\Boot::bootWeb(Object(Config\Paths))
WARNING - 2025-01-14 07:30:45 --> [DEPRECATED] Creation of dynamic property App\Controllers\DataUmum::$dataUmumModel is deprecated in APPPATH\Controllers\DataUmum.php on line 14.
 1 SYSTEMPATH\CodeIgniter.php(903): App\Controllers\DataUmum->__construct()
 2 SYSTEMPATH\CodeIgniter.php(500): CodeIgniter\CodeIgniter->createController()
 3 SYSTEMPATH\CodeIgniter.php(355): CodeIgniter\CodeIgniter->handleRequest(null, Object(Config\Cache), false)
 4 SYSTEMPATH\Boot.php(325): CodeIgniter\CodeIgniter->run()
 5 SYSTEMPATH\Boot.php(67): CodeIgniter\Boot::runCodeIgniter(Object(CodeIgniter\CodeIgniter))
 6 FCPATH\index.php(56): CodeIgniter\Boot::bootWeb(Object(Config\Paths))
WARNING - 2025-01-14 07:30:52 --> [DEPRECATED] Creation of dynamic property App\Controllers\DataUmum::$dataUmumModel is deprecated in APPPATH\Controllers\DataUmum.php on line 14.
 1 SYSTEMPATH\CodeIgniter.php(903): App\Controllers\DataUmum->__construct()
 2 SYSTEMPATH\CodeIgniter.php(500): CodeIgniter\CodeIgniter->createController()
 3 SYSTEMPATH\CodeIgniter.php(355): CodeIgniter\CodeIgniter->handleRequest(null, Object(Config\Cache), false)
 4 SYSTEMPATH\Boot.php(325): CodeIgniter\CodeIgniter->run()
 5 SYSTEMPATH\Boot.php(67): CodeIgniter\Boot::runCodeIgniter(Object(CodeIgniter\CodeIgniter))
 6 FCPATH\index.php(56): CodeIgniter\Boot::bootWeb(Object(Config\Paths))
WARNING - 2025-01-14 07:30:56 --> [DEPRECATED] Creation of dynamic property App\Controllers\DataUmum::$dataUmumModel is deprecated in APPPATH\Controllers\DataUmum.php on line 14.
 1 SYSTEMPATH\CodeIgniter.php(903): App\Controllers\DataUmum->__construct()
 2 SYSTEMPATH\CodeIgniter.php(500): CodeIgniter\CodeIgniter->createController()
 3 SYSTEMPATH\CodeIgniter.php(355): CodeIgniter\CodeIgniter->handleRequest(null, Object(Config\Cache), false)
 4 SYSTEMPATH\Boot.php(325): CodeIgniter\CodeIgniter->run()
 5 SYSTEMPATH\Boot.php(67): CodeIgniter\Boot::runCodeIgniter(Object(CodeIgniter\CodeIgniter))
 6 FCPATH\index.php(56): CodeIgniter\Boot::bootWeb(Object(Config\Paths))
WARNING - 2025-01-14 07:31:02 --> [DEPRECATED] Creation of dynamic property App\Controllers\DataUmum::$dataUmumModel is deprecated in APPPATH\Controllers\DataUmum.php on line 14.
 1 SYSTEMPATH\CodeIgniter.php(903): App\Controllers\DataUmum->__construct()
 2 SYSTEMPATH\CodeIgniter.php(500): CodeIgniter\CodeIgniter->createController()
 3 SYSTEMPATH\CodeIgniter.php(355): CodeIgniter\CodeIgniter->handleRequest(null, Object(Config\Cache), false)
 4 SYSTEMPATH\Boot.php(325): CodeIgniter\CodeIgniter->run()
 5 SYSTEMPATH\Boot.php(67): CodeIgniter\Boot::runCodeIgniter(Object(CodeIgniter\CodeIgniter))
 6 FCPATH\index.php(56): CodeIgniter\Boot::bootWeb(Object(Config\Paths))
WARNING - 2025-01-14 07:31:05 --> [DEPRECATED] Creation of dynamic property App\Controllers\DataUmum::$dataUmumModel is deprecated in APPPATH\Controllers\DataUmum.php on line 14.
 1 SYSTEMPATH\CodeIgniter.php(903): App\Controllers\DataUmum->__construct()
 2 SYSTEMPATH\CodeIgniter.php(500): CodeIgniter\CodeIgniter->createController()
 3 SYSTEMPATH\CodeIgniter.php(355): CodeIgniter\CodeIgniter->handleRequest(null, Object(Config\Cache), false)
 4 SYSTEMPATH\Boot.php(325): CodeIgniter\CodeIgniter->run()
 5 SYSTEMPATH\Boot.php(67): CodeIgniter\Boot::runCodeIgniter(Object(CodeIgniter\CodeIgniter))
 6 FCPATH\index.php(56): CodeIgniter\Boot::bootWeb(Object(Config\Paths))
WARNING - 2025-01-14 07:31:14 --> [DEPRECATED] Creation of dynamic property App\Controllers\DataUmum::$dataUmumModel is deprecated in APPPATH\Controllers\DataUmum.php on line 14.
 1 SYSTEMPATH\CodeIgniter.php(903): App\Controllers\DataUmum->__construct()
 2 SYSTEMPATH\CodeIgniter.php(500): CodeIgniter\CodeIgniter->createController()
 3 SYSTEMPATH\CodeIgniter.php(355): CodeIgniter\CodeIgniter->handleRequest(null, Object(Config\Cache), false)
 4 SYSTEMPATH\Boot.php(325): CodeIgniter\CodeIgniter->run()
 5 SYSTEMPATH\Boot.php(67): CodeIgniter\Boot::runCodeIgniter(Object(CodeIgniter\CodeIgniter))
 6 FCPATH\index.php(56): CodeIgniter\Boot::bootWeb(Object(Config\Paths))
WARNING - 2025-01-14 07:31:16 --> [DEPRECATED] Creation of dynamic property App\Controllers\DataUmum::$dataUmumModel is deprecated in APPPATH\Controllers\DataUmum.php on line 14.
 1 SYSTEMPATH\CodeIgniter.php(903): App\Controllers\DataUmum->__construct()
 2 SYSTEMPATH\CodeIgniter.php(500): CodeIgniter\CodeIgniter->createController()
 3 SYSTEMPATH\CodeIgniter.php(355): CodeIgniter\CodeIgniter->handleRequest(null, Object(Config\Cache), false)
 4 SYSTEMPATH\Boot.php(325): CodeIgniter\CodeIgniter->run()
 5 SYSTEMPATH\Boot.php(67): CodeIgniter\Boot::runCodeIgniter(Object(CodeIgniter\CodeIgniter))
 6 FCPATH\index.php(56): CodeIgniter\Boot::bootWeb(Object(Config\Paths))
WARNING - 2025-01-14 07:31:21 --> [DEPRECATED] Creation of dynamic property App\Controllers\DataUmum::$dataUmumModel is deprecated in APPPATH\Controllers\DataUmum.php on line 14.
 1 SYSTEMPATH\CodeIgniter.php(903): App\Controllers\DataUmum->__construct()
 2 SYSTEMPATH\CodeIgniter.php(500): CodeIgniter\CodeIgniter->createController()
 3 SYSTEMPATH\CodeIgniter.php(355): CodeIgniter\CodeIgniter->handleRequest(null, Object(Config\Cache), false)
 4 SYSTEMPATH\Boot.php(325): CodeIgniter\CodeIgniter->run()
 5 SYSTEMPATH\Boot.php(67): CodeIgniter\Boot::runCodeIgniter(Object(CodeIgniter\CodeIgniter))
 6 FCPATH\index.php(56): CodeIgniter\Boot::bootWeb(Object(Config\Paths))
WARNING - 2025-01-14 07:53:02 --> [DEPRECATED] Creation of dynamic property App\Controllers\ManajemenPengguna::$manajemenPenggunaModel is deprecated in APPPATH\Controllers\ManajemenPengguna.php on line 14.
 1 SYSTEMPATH\CodeIgniter.php(903): App\Controllers\ManajemenPengguna->__construct()
 2 SYSTEMPATH\CodeIgniter.php(500): CodeIgniter\CodeIgniter->createController()
 3 SYSTEMPATH\CodeIgniter.php(355): CodeIgniter\CodeIgniter->handleRequest(null, Object(Config\Cache), false)
 4 SYSTEMPATH\Boot.php(325): CodeIgniter\CodeIgniter->run()
 5 SYSTEMPATH\Boot.php(67): CodeIgniter\Boot::runCodeIgniter(Object(CodeIgniter\CodeIgniter))
 6 FCPATH\index.php(56): CodeIgniter\Boot::bootWeb(Object(Config\Paths))
