CRITICAL - 2024-12-20 03:36:38 --> ErrorException: include(layout/sidebar.php): Failed to open stream: No such file or directory
[Method: GET, Route: /]
in APPPATH\Views\home\dash.php on line 5.
 1 APPPATH\Views\home\dash.php(5): CodeIgniter\Debug\Exceptions->errorHandler(2, 'include(layout/sidebar.php): Failed to open stream: No such file or directory', 'C:\\xampp\\htdocs\\lenggo\\manrisk_dev\\app\\Views\\home\\dash.php', 5)
 2 APPPATH\Views\home\dash.php(5): include()
 3 SYSTEMPATH\View\View.php(234): include('C:\\xampp\\htdocs\\lenggo\\manrisk_dev\\app\\Views\\home\\dash.php')
 4 SYSTEMPATH\View\View.php(237): CodeIgniter\View\View->CodeIgniter\View\{closure}()
 5 SYSTEMPATH\Common.php(1171): CodeIgniter\View\View->render('home/dash', [], true)
 6 APPPATH\Controllers\Home.php(24): view('home/dash')
 7 SYSTEMPATH\CodeIgniter.php(933): App\Controllers\Home->index()
 8 SYSTEMPATH\CodeIgniter.php(509): CodeIgniter\CodeIgniter->runController(Object(App\Controllers\Home))
 9 SYSTEMPATH\CodeIgniter.php(355): CodeIgniter\CodeIgniter->handleRequest(null, Object(Config\Cache), false)
10 SYSTEMPATH\Boot.php(325): CodeIgniter\CodeIgniter->run()
11 SYSTEMPATH\Boot.php(67): CodeIgniter\Boot::runCodeIgniter(Object(CodeIgniter\CodeIgniter))
12 FCPATH\index.php(56): CodeIgniter\Boot::bootWeb(Object(Config\Paths))
CRITICAL - 2024-12-20 03:36:43 --> ErrorException: include(layout/sidebar.php): Failed to open stream: No such file or directory
[Method: GET, Route: /]
in APPPATH\Views\home\dash.php on line 5.
 1 APPPATH\Views\home\dash.php(5): CodeIgniter\Debug\Exceptions->errorHandler(2, 'include(layout/sidebar.php): Failed to open stream: No such file or directory', 'C:\\xampp\\htdocs\\lenggo\\manrisk_dev\\app\\Views\\home\\dash.php', 5)
 2 APPPATH\Views\home\dash.php(5): include()
 3 SYSTEMPATH\View\View.php(234): include('C:\\xampp\\htdocs\\lenggo\\manrisk_dev\\app\\Views\\home\\dash.php')
 4 SYSTEMPATH\View\View.php(237): CodeIgniter\View\View->CodeIgniter\View\{closure}()
 5 SYSTEMPATH\Common.php(1171): CodeIgniter\View\View->render('home/dash', [], true)
 6 APPPATH\Controllers\Home.php(24): view('home/dash')
 7 SYSTEMPATH\CodeIgniter.php(933): App\Controllers\Home->index()
 8 SYSTEMPATH\CodeIgniter.php(509): CodeIgniter\CodeIgniter->runController(Object(App\Controllers\Home))
 9 SYSTEMPATH\CodeIgniter.php(355): CodeIgniter\CodeIgniter->handleRequest(null, Object(Config\Cache), false)
10 SYSTEMPATH\Boot.php(325): CodeIgniter\CodeIgniter->run()
11 SYSTEMPATH\Boot.php(67): CodeIgniter\Boot::runCodeIgniter(Object(CodeIgniter\CodeIgniter))
12 FCPATH\index.php(56): CodeIgniter\Boot::bootWeb(Object(Config\Paths))
CRITICAL - 2024-12-20 03:36:44 --> ErrorException: include(layout/sidebar.php): Failed to open stream: No such file or directory
[Method: GET, Route: /]
in APPPATH\Views\home\dash.php on line 5.
 1 APPPATH\Views\home\dash.php(5): CodeIgniter\Debug\Exceptions->errorHandler(2, 'include(layout/sidebar.php): Failed to open stream: No such file or directory', 'C:\\xampp\\htdocs\\lenggo\\manrisk_dev\\app\\Views\\home\\dash.php', 5)
 2 APPPATH\Views\home\dash.php(5): include()
 3 SYSTEMPATH\View\View.php(234): include('C:\\xampp\\htdocs\\lenggo\\manrisk_dev\\app\\Views\\home\\dash.php')
 4 SYSTEMPATH\View\View.php(237): CodeIgniter\View\View->CodeIgniter\View\{closure}()
 5 SYSTEMPATH\Common.php(1171): CodeIgniter\View\View->render('home/dash', [], true)
 6 APPPATH\Controllers\Home.php(24): view('home/dash')
 7 SYSTEMPATH\CodeIgniter.php(933): App\Controllers\Home->index()
 8 SYSTEMPATH\CodeIgniter.php(509): CodeIgniter\CodeIgniter->runController(Object(App\Controllers\Home))
 9 SYSTEMPATH\CodeIgniter.php(355): CodeIgniter\CodeIgniter->handleRequest(null, Object(Config\Cache), false)
10 SYSTEMPATH\Boot.php(325): CodeIgniter\CodeIgniter->run()
11 SYSTEMPATH\Boot.php(67): CodeIgniter\Boot::runCodeIgniter(Object(CodeIgniter\CodeIgniter))
12 FCPATH\index.php(56): CodeIgniter\Boot::bootWeb(Object(Config\Paths))
CRITICAL - 2024-12-20 03:36:45 --> ErrorException: include(layout/sidebar.php): Failed to open stream: No such file or directory
[Method: GET, Route: /]
in APPPATH\Views\home\dash.php on line 5.
 1 APPPATH\Views\home\dash.php(5): CodeIgniter\Debug\Exceptions->errorHandler(2, 'include(layout/sidebar.php): Failed to open stream: No such file or directory', 'C:\\xampp\\htdocs\\lenggo\\manrisk_dev\\app\\Views\\home\\dash.php', 5)
 2 APPPATH\Views\home\dash.php(5): include()
 3 SYSTEMPATH\View\View.php(234): include('C:\\xampp\\htdocs\\lenggo\\manrisk_dev\\app\\Views\\home\\dash.php')
 4 SYSTEMPATH\View\View.php(237): CodeIgniter\View\View->CodeIgniter\View\{closure}()
 5 SYSTEMPATH\Common.php(1171): CodeIgniter\View\View->render('home/dash', [], true)
 6 APPPATH\Controllers\Home.php(24): view('home/dash')
 7 SYSTEMPATH\CodeIgniter.php(933): App\Controllers\Home->index()
 8 SYSTEMPATH\CodeIgniter.php(509): CodeIgniter\CodeIgniter->runController(Object(App\Controllers\Home))
 9 SYSTEMPATH\CodeIgniter.php(355): CodeIgniter\CodeIgniter->handleRequest(null, Object(Config\Cache), false)
10 SYSTEMPATH\Boot.php(325): CodeIgniter\CodeIgniter->run()
11 SYSTEMPATH\Boot.php(67): CodeIgniter\Boot::runCodeIgniter(Object(CodeIgniter\CodeIgniter))
12 FCPATH\index.php(56): CodeIgniter\Boot::bootWeb(Object(Config\Paths))
CRITICAL - 2024-12-20 03:36:46 --> ErrorException: include(layout/sidebar.php): Failed to open stream: No such file or directory
[Method: GET, Route: /]
in APPPATH\Views\home\dash.php on line 5.
 1 APPPATH\Views\home\dash.php(5): CodeIgniter\Debug\Exceptions->errorHandler(2, 'include(layout/sidebar.php): Failed to open stream: No such file or directory', 'C:\\xampp\\htdocs\\lenggo\\manrisk_dev\\app\\Views\\home\\dash.php', 5)
 2 APPPATH\Views\home\dash.php(5): include()
 3 SYSTEMPATH\View\View.php(234): include('C:\\xampp\\htdocs\\lenggo\\manrisk_dev\\app\\Views\\home\\dash.php')
 4 SYSTEMPATH\View\View.php(237): CodeIgniter\View\View->CodeIgniter\View\{closure}()
 5 SYSTEMPATH\Common.php(1171): CodeIgniter\View\View->render('home/dash', [], true)
 6 APPPATH\Controllers\Home.php(24): view('home/dash')
 7 SYSTEMPATH\CodeIgniter.php(933): App\Controllers\Home->index()
 8 SYSTEMPATH\CodeIgniter.php(509): CodeIgniter\CodeIgniter->runController(Object(App\Controllers\Home))
 9 SYSTEMPATH\CodeIgniter.php(355): CodeIgniter\CodeIgniter->handleRequest(null, Object(Config\Cache), false)
10 SYSTEMPATH\Boot.php(325): CodeIgniter\CodeIgniter->run()
11 SYSTEMPATH\Boot.php(67): CodeIgniter\Boot::runCodeIgniter(Object(CodeIgniter\CodeIgniter))
12 FCPATH\index.php(56): CodeIgniter\Boot::bootWeb(Object(Config\Paths))
CRITICAL - 2024-12-20 03:36:46 --> ErrorException: include(layout/sidebar.php): Failed to open stream: No such file or directory
[Method: GET, Route: /]
in APPPATH\Views\home\dash.php on line 5.
 1 APPPATH\Views\home\dash.php(5): CodeIgniter\Debug\Exceptions->errorHandler(2, 'include(layout/sidebar.php): Failed to open stream: No such file or directory', 'C:\\xampp\\htdocs\\lenggo\\manrisk_dev\\app\\Views\\home\\dash.php', 5)
 2 APPPATH\Views\home\dash.php(5): include()
 3 SYSTEMPATH\View\View.php(234): include('C:\\xampp\\htdocs\\lenggo\\manrisk_dev\\app\\Views\\home\\dash.php')
 4 SYSTEMPATH\View\View.php(237): CodeIgniter\View\View->CodeIgniter\View\{closure}()
 5 SYSTEMPATH\Common.php(1171): CodeIgniter\View\View->render('home/dash', [], true)
 6 APPPATH\Controllers\Home.php(24): view('home/dash')
 7 SYSTEMPATH\CodeIgniter.php(933): App\Controllers\Home->index()
 8 SYSTEMPATH\CodeIgniter.php(509): CodeIgniter\CodeIgniter->runController(Object(App\Controllers\Home))
 9 SYSTEMPATH\CodeIgniter.php(355): CodeIgniter\CodeIgniter->handleRequest(null, Object(Config\Cache), false)
10 SYSTEMPATH\Boot.php(325): CodeIgniter\CodeIgniter->run()
11 SYSTEMPATH\Boot.php(67): CodeIgniter\Boot::runCodeIgniter(Object(CodeIgniter\CodeIgniter))
12 FCPATH\index.php(56): CodeIgniter\Boot::bootWeb(Object(Config\Paths))
CRITICAL - 2024-12-20 03:36:46 --> ErrorException: include(layout/sidebar.php): Failed to open stream: No such file or directory
[Method: GET, Route: /]
in APPPATH\Views\home\dash.php on line 5.
 1 APPPATH\Views\home\dash.php(5): CodeIgniter\Debug\Exceptions->errorHandler(2, 'include(layout/sidebar.php): Failed to open stream: No such file or directory', 'C:\\xampp\\htdocs\\lenggo\\manrisk_dev\\app\\Views\\home\\dash.php', 5)
 2 APPPATH\Views\home\dash.php(5): include()
 3 SYSTEMPATH\View\View.php(234): include('C:\\xampp\\htdocs\\lenggo\\manrisk_dev\\app\\Views\\home\\dash.php')
 4 SYSTEMPATH\View\View.php(237): CodeIgniter\View\View->CodeIgniter\View\{closure}()
 5 SYSTEMPATH\Common.php(1171): CodeIgniter\View\View->render('home/dash', [], true)
 6 APPPATH\Controllers\Home.php(24): view('home/dash')
 7 SYSTEMPATH\CodeIgniter.php(933): App\Controllers\Home->index()
 8 SYSTEMPATH\CodeIgniter.php(509): CodeIgniter\CodeIgniter->runController(Object(App\Controllers\Home))
 9 SYSTEMPATH\CodeIgniter.php(355): CodeIgniter\CodeIgniter->handleRequest(null, Object(Config\Cache), false)
10 SYSTEMPATH\Boot.php(325): CodeIgniter\CodeIgniter->run()
11 SYSTEMPATH\Boot.php(67): CodeIgniter\Boot::runCodeIgniter(Object(CodeIgniter\CodeIgniter))
12 FCPATH\index.php(56): CodeIgniter\Boot::bootWeb(Object(Config\Paths))
CRITICAL - 2024-12-20 03:37:02 --> ErrorException: include(../layout/sidebar.php): Failed to open stream: No such file or directory
[Method: GET, Route: /]
in APPPATH\Views\home\dash.php on line 5.
 1 APPPATH\Views\home\dash.php(5): CodeIgniter\Debug\Exceptions->errorHandler(2, 'include(../layout/sidebar.php): Failed to open stream: No such file or directory', 'C:\\xampp\\htdocs\\lenggo\\manrisk_dev\\app\\Views\\home\\dash.php', 5)
 2 APPPATH\Views\home\dash.php(5): include()
 3 SYSTEMPATH\View\View.php(234): include('C:\\xampp\\htdocs\\lenggo\\manrisk_dev\\app\\Views\\home\\dash.php')
 4 SYSTEMPATH\View\View.php(237): CodeIgniter\View\View->CodeIgniter\View\{closure}()
 5 SYSTEMPATH\Common.php(1171): CodeIgniter\View\View->render('home/dash', [], true)
 6 APPPATH\Controllers\Home.php(24): view('home/dash')
 7 SYSTEMPATH\CodeIgniter.php(933): App\Controllers\Home->index()
 8 SYSTEMPATH\CodeIgniter.php(509): CodeIgniter\CodeIgniter->runController(Object(App\Controllers\Home))
 9 SYSTEMPATH\CodeIgniter.php(355): CodeIgniter\CodeIgniter->handleRequest(null, Object(Config\Cache), false)
10 SYSTEMPATH\Boot.php(325): CodeIgniter\CodeIgniter->run()
11 SYSTEMPATH\Boot.php(67): CodeIgniter\Boot::runCodeIgniter(Object(CodeIgniter\CodeIgniter))
12 FCPATH\index.php(56): CodeIgniter\Boot::bootWeb(Object(Config\Paths))
CRITICAL - 2024-12-20 03:37:04 --> ErrorException: include(../layout/sidebar.php): Failed to open stream: No such file or directory
[Method: GET, Route: /]
in APPPATH\Views\home\dash.php on line 5.
 1 APPPATH\Views\home\dash.php(5): CodeIgniter\Debug\Exceptions->errorHandler(2, 'include(../layout/sidebar.php): Failed to open stream: No such file or directory', 'C:\\xampp\\htdocs\\lenggo\\manrisk_dev\\app\\Views\\home\\dash.php', 5)
 2 APPPATH\Views\home\dash.php(5): include()
 3 SYSTEMPATH\View\View.php(234): include('C:\\xampp\\htdocs\\lenggo\\manrisk_dev\\app\\Views\\home\\dash.php')
 4 SYSTEMPATH\View\View.php(237): CodeIgniter\View\View->CodeIgniter\View\{closure}()
 5 SYSTEMPATH\Common.php(1171): CodeIgniter\View\View->render('home/dash', [], true)
 6 APPPATH\Controllers\Home.php(24): view('home/dash')
 7 SYSTEMPATH\CodeIgniter.php(933): App\Controllers\Home->index()
 8 SYSTEMPATH\CodeIgniter.php(509): CodeIgniter\CodeIgniter->runController(Object(App\Controllers\Home))
 9 SYSTEMPATH\CodeIgniter.php(355): CodeIgniter\CodeIgniter->handleRequest(null, Object(Config\Cache), false)
10 SYSTEMPATH\Boot.php(325): CodeIgniter\CodeIgniter->run()
11 SYSTEMPATH\Boot.php(67): CodeIgniter\Boot::runCodeIgniter(Object(CodeIgniter\CodeIgniter))
12 FCPATH\index.php(56): CodeIgniter\Boot::bootWeb(Object(Config\Paths))
CRITICAL - 2024-12-20 03:37:21 --> ErrorException: include(layout/sidebar): Failed to open stream: No such file or directory
[Method: GET, Route: /]
in APPPATH\Views\home\dash.php on line 5.
 1 APPPATH\Views\home\dash.php(5): CodeIgniter\Debug\Exceptions->errorHandler(2, 'include(layout/sidebar): Failed to open stream: No such file or directory', 'C:\\xampp\\htdocs\\lenggo\\manrisk_dev\\app\\Views\\home\\dash.php', 5)
 2 APPPATH\Views\home\dash.php(5): include()
 3 SYSTEMPATH\View\View.php(234): include('C:\\xampp\\htdocs\\lenggo\\manrisk_dev\\app\\Views\\home\\dash.php')
 4 SYSTEMPATH\View\View.php(237): CodeIgniter\View\View->CodeIgniter\View\{closure}()
 5 SYSTEMPATH\Common.php(1171): CodeIgniter\View\View->render('home/dash', [], true)
 6 APPPATH\Controllers\Home.php(24): view('home/dash')
 7 SYSTEMPATH\CodeIgniter.php(933): App\Controllers\Home->index()
 8 SYSTEMPATH\CodeIgniter.php(509): CodeIgniter\CodeIgniter->runController(Object(App\Controllers\Home))
 9 SYSTEMPATH\CodeIgniter.php(355): CodeIgniter\CodeIgniter->handleRequest(null, Object(Config\Cache), false)
10 SYSTEMPATH\Boot.php(325): CodeIgniter\CodeIgniter->run()
11 SYSTEMPATH\Boot.php(67): CodeIgniter\Boot::runCodeIgniter(Object(CodeIgniter\CodeIgniter))
12 FCPATH\index.php(56): CodeIgniter\Boot::bootWeb(Object(Config\Paths))
CRITICAL - 2024-12-20 03:37:22 --> ErrorException: include(layout/sidebar): Failed to open stream: No such file or directory
[Method: GET, Route: /]
in APPPATH\Views\home\dash.php on line 5.
 1 APPPATH\Views\home\dash.php(5): CodeIgniter\Debug\Exceptions->errorHandler(2, 'include(layout/sidebar): Failed to open stream: No such file or directory', 'C:\\xampp\\htdocs\\lenggo\\manrisk_dev\\app\\Views\\home\\dash.php', 5)
 2 APPPATH\Views\home\dash.php(5): include()
 3 SYSTEMPATH\View\View.php(234): include('C:\\xampp\\htdocs\\lenggo\\manrisk_dev\\app\\Views\\home\\dash.php')
 4 SYSTEMPATH\View\View.php(237): CodeIgniter\View\View->CodeIgniter\View\{closure}()
 5 SYSTEMPATH\Common.php(1171): CodeIgniter\View\View->render('home/dash', [], true)
 6 APPPATH\Controllers\Home.php(24): view('home/dash')
 7 SYSTEMPATH\CodeIgniter.php(933): App\Controllers\Home->index()
 8 SYSTEMPATH\CodeIgniter.php(509): CodeIgniter\CodeIgniter->runController(Object(App\Controllers\Home))
 9 SYSTEMPATH\CodeIgniter.php(355): CodeIgniter\CodeIgniter->handleRequest(null, Object(Config\Cache), false)
10 SYSTEMPATH\Boot.php(325): CodeIgniter\CodeIgniter->run()
11 SYSTEMPATH\Boot.php(67): CodeIgniter\Boot::runCodeIgniter(Object(CodeIgniter\CodeIgniter))
12 FCPATH\index.php(56): CodeIgniter\Boot::bootWeb(Object(Config\Paths))
CRITICAL - 2024-12-20 03:41:16 --> ErrorException: Undefined property: CodeIgniter\View\View::$load
[Method: GET, Route: /]
in APPPATH\Views\home\dash.php on line 5.
 1 APPPATH\Views\home\dash.php(5): CodeIgniter\Debug\Exceptions->errorHandler(2, 'Undefined property: CodeIgniter\\View\\View::$load', 'C:\\xampp\\htdocs\\lenggo\\manrisk_dev\\app\\Views\\home\\dash.php', 5)
 2 SYSTEMPATH\View\View.php(234): include('C:\\xampp\\htdocs\\lenggo\\manrisk_dev\\app\\Views\\home\\dash.php')
 3 SYSTEMPATH\View\View.php(237): CodeIgniter\View\View->CodeIgniter\View\{closure}()
 4 SYSTEMPATH\Common.php(1171): CodeIgniter\View\View->render('home/dash', [], true)
 5 APPPATH\Controllers\Home.php(24): view('home/dash')
 6 SYSTEMPATH\CodeIgniter.php(933): App\Controllers\Home->index()
 7 SYSTEMPATH\CodeIgniter.php(509): CodeIgniter\CodeIgniter->runController(Object(App\Controllers\Home))
 8 SYSTEMPATH\CodeIgniter.php(355): CodeIgniter\CodeIgniter->handleRequest(null, Object(Config\Cache), false)
 9 SYSTEMPATH\Boot.php(325): CodeIgniter\CodeIgniter->run()
10 SYSTEMPATH\Boot.php(67): CodeIgniter\Boot::runCodeIgniter(Object(CodeIgniter\CodeIgniter))
11 FCPATH\index.php(56): CodeIgniter\Boot::bootWeb(Object(Config\Paths))
CRITICAL - 2024-12-20 03:48:43 --> CodeIgniter\View\Exceptions\ViewException: Invalid file: "layout/sidebard.php"
[Method: GET, Route: /]
in SYSTEMPATH\Exceptions\FrameworkException.php on line 41.
 1 SYSTEMPATH\View\View.php(222): CodeIgniter\Exceptions\FrameworkException::forInvalidFile('layout/sidebard.php')
 2 SYSTEMPATH\View\View.php(487): CodeIgniter\View\View->render('layout/sidebard.php', null, true)
 3 APPPATH\Views\home\dash.php(5): CodeIgniter\View\View->include('layout/sidebard.php')
 4 SYSTEMPATH\View\View.php(234): include('C:\\xampp\\htdocs\\lenggo\\manrisk_dev\\app\\Views\\home\\dash.php')
 5 SYSTEMPATH\View\View.php(237): CodeIgniter\View\View->CodeIgniter\View\{closure}()
 6 SYSTEMPATH\Common.php(1171): CodeIgniter\View\View->render('home/dash', [], true)
 7 APPPATH\Controllers\Home.php(24): view('home/dash')
 8 SYSTEMPATH\CodeIgniter.php(933): App\Controllers\Home->index()
 9 SYSTEMPATH\CodeIgniter.php(509): CodeIgniter\CodeIgniter->runController(Object(App\Controllers\Home))
10 SYSTEMPATH\CodeIgniter.php(355): CodeIgniter\CodeIgniter->handleRequest(null, Object(Config\Cache), false)
11 SYSTEMPATH\Boot.php(325): CodeIgniter\CodeIgniter->run()
12 SYSTEMPATH\Boot.php(67): CodeIgniter\Boot::runCodeIgniter(Object(CodeIgniter\CodeIgniter))
13 FCPATH\index.php(56): CodeIgniter\Boot::bootWeb(Object(Config\Paths))
CRITICAL - 2024-12-20 03:48:44 --> CodeIgniter\View\Exceptions\ViewException: Invalid file: "layout/sidebard.php"
[Method: GET, Route: /]
in SYSTEMPATH\Exceptions\FrameworkException.php on line 41.
 1 SYSTEMPATH\View\View.php(222): CodeIgniter\Exceptions\FrameworkException::forInvalidFile('layout/sidebard.php')
 2 SYSTEMPATH\View\View.php(487): CodeIgniter\View\View->render('layout/sidebard.php', null, true)
 3 APPPATH\Views\home\dash.php(5): CodeIgniter\View\View->include('layout/sidebard.php')
 4 SYSTEMPATH\View\View.php(234): include('C:\\xampp\\htdocs\\lenggo\\manrisk_dev\\app\\Views\\home\\dash.php')
 5 SYSTEMPATH\View\View.php(237): CodeIgniter\View\View->CodeIgniter\View\{closure}()
 6 SYSTEMPATH\Common.php(1171): CodeIgniter\View\View->render('home/dash', [], true)
 7 APPPATH\Controllers\Home.php(24): view('home/dash')
 8 SYSTEMPATH\CodeIgniter.php(933): App\Controllers\Home->index()
 9 SYSTEMPATH\CodeIgniter.php(509): CodeIgniter\CodeIgniter->runController(Object(App\Controllers\Home))
10 SYSTEMPATH\CodeIgniter.php(355): CodeIgniter\CodeIgniter->handleRequest(null, Object(Config\Cache), false)
11 SYSTEMPATH\Boot.php(325): CodeIgniter\CodeIgniter->run()
12 SYSTEMPATH\Boot.php(67): CodeIgniter\Boot::runCodeIgniter(Object(CodeIgniter\CodeIgniter))
13 FCPATH\index.php(56): CodeIgniter\Boot::bootWeb(Object(Config\Paths))
CRITICAL - 2024-12-20 03:48:54 --> CodeIgniter\View\Exceptions\ViewException: Invalid file: "layout/sidebard.php"
[Method: GET, Route: /]
in SYSTEMPATH\Exceptions\FrameworkException.php on line 41.
 1 SYSTEMPATH\View\View.php(222): CodeIgniter\Exceptions\FrameworkException::forInvalidFile('layout/sidebard.php')
 2 SYSTEMPATH\View\View.php(487): CodeIgniter\View\View->render('layout/sidebard.php', null, true)
 3 APPPATH\Views\home\dash.php(5): CodeIgniter\View\View->include('layout/sidebard.php')
 4 SYSTEMPATH\View\View.php(234): include('C:\\xampp\\htdocs\\lenggo\\manrisk_dev\\app\\Views\\home\\dash.php')
 5 SYSTEMPATH\View\View.php(237): CodeIgniter\View\View->CodeIgniter\View\{closure}()
 6 SYSTEMPATH\Common.php(1171): CodeIgniter\View\View->render('home/dash', [], true)
 7 APPPATH\Controllers\Home.php(24): view('home/dash')
 8 SYSTEMPATH\CodeIgniter.php(933): App\Controllers\Home->index()
 9 SYSTEMPATH\CodeIgniter.php(509): CodeIgniter\CodeIgniter->runController(Object(App\Controllers\Home))
10 SYSTEMPATH\CodeIgniter.php(355): CodeIgniter\CodeIgniter->handleRequest(null, Object(Config\Cache), false)
11 SYSTEMPATH\Boot.php(325): CodeIgniter\CodeIgniter->run()
12 SYSTEMPATH\Boot.php(67): CodeIgniter\Boot::runCodeIgniter(Object(CodeIgniter\CodeIgniter))
13 FCPATH\index.php(56): CodeIgniter\Boot::bootWeb(Object(Config\Paths))
CRITICAL - 2024-12-20 03:52:25 --> CodeIgniter\View\Exceptions\ViewException: Invalid file: "layout/sidebar.php"
[Method: GET, Route: /]
in SYSTEMPATH\Exceptions\FrameworkException.php on line 41.
 1 SYSTEMPATH\View\View.php(222): CodeIgniter\Exceptions\FrameworkException::forInvalidFile('layout/sidebar.php')
 2 SYSTEMPATH\View\View.php(487): CodeIgniter\View\View->render('layout/sidebar.php', null, true)
 3 APPPATH\Views\home\dash.php(5): CodeIgniter\View\View->include('layout/sidebar.php')
 4 SYSTEMPATH\View\View.php(234): include('C:\\xampp\\htdocs\\lenggo\\manrisk_dev\\app\\Views\\home\\dash.php')
 5 SYSTEMPATH\View\View.php(237): CodeIgniter\View\View->CodeIgniter\View\{closure}()
 6 SYSTEMPATH\Common.php(1171): CodeIgniter\View\View->render('home/dash', [], true)
 7 APPPATH\Controllers\Home.php(24): view('home/dash')
 8 SYSTEMPATH\CodeIgniter.php(933): App\Controllers\Home->index()
 9 SYSTEMPATH\CodeIgniter.php(509): CodeIgniter\CodeIgniter->runController(Object(App\Controllers\Home))
10 SYSTEMPATH\CodeIgniter.php(355): CodeIgniter\CodeIgniter->handleRequest(null, Object(Config\Cache), false)
11 SYSTEMPATH\Boot.php(325): CodeIgniter\CodeIgniter->run()
12 SYSTEMPATH\Boot.php(67): CodeIgniter\Boot::runCodeIgniter(Object(CodeIgniter\CodeIgniter))
13 FCPATH\index.php(56): CodeIgniter\Boot::bootWeb(Object(Config\Paths))
CRITICAL - 2024-12-20 04:01:15 --> CodeIgniter\View\Exceptions\ViewException: Invalid file: "layout/sidebarsss.php"
[Method: GET, Route: /]
in SYSTEMPATH\Exceptions\FrameworkException.php on line 41.
 1 SYSTEMPATH\View\View.php(222): CodeIgniter\Exceptions\FrameworkException::forInvalidFile('layout/sidebarsss.php')
 2 SYSTEMPATH\View\View.php(487): CodeIgniter\View\View->render('layout/sidebarsss', null, true)
 3 APPPATH\Views\home\dash.php(5): CodeIgniter\View\View->include('layout/sidebarsss')
 4 SYSTEMPATH\View\View.php(234): include('C:\\xampp\\htdocs\\lenggo\\manrisk_dev\\app\\Views\\home\\dash.php')
 5 SYSTEMPATH\View\View.php(237): CodeIgniter\View\View->CodeIgniter\View\{closure}()
 6 SYSTEMPATH\Common.php(1171): CodeIgniter\View\View->render('home/dash', [], true)
 7 APPPATH\Controllers\Home.php(24): view('home/dash')
 8 SYSTEMPATH\CodeIgniter.php(933): App\Controllers\Home->index()
 9 SYSTEMPATH\CodeIgniter.php(509): CodeIgniter\CodeIgniter->runController(Object(App\Controllers\Home))
10 SYSTEMPATH\CodeIgniter.php(355): CodeIgniter\CodeIgniter->handleRequest(null, Object(Config\Cache), false)
11 SYSTEMPATH\Boot.php(325): CodeIgniter\CodeIgniter->run()
12 SYSTEMPATH\Boot.php(67): CodeIgniter\Boot::runCodeIgniter(Object(CodeIgniter\CodeIgniter))
13 FCPATH\index.php(56): CodeIgniter\Boot::bootWeb(Object(Config\Paths))
CRITICAL - 2024-12-20 04:01:18 --> CodeIgniter\View\Exceptions\ViewException: Invalid file: "layout/sidebarsss.php"
[Method: GET, Route: /]
in SYSTEMPATH\Exceptions\FrameworkException.php on line 41.
 1 SYSTEMPATH\View\View.php(222): CodeIgniter\Exceptions\FrameworkException::forInvalidFile('layout/sidebarsss.php')
 2 SYSTEMPATH\View\View.php(487): CodeIgniter\View\View->render('layout/sidebarsss', null, true)
 3 APPPATH\Views\home\dash.php(5): CodeIgniter\View\View->include('layout/sidebarsss')
 4 SYSTEMPATH\View\View.php(234): include('C:\\xampp\\htdocs\\lenggo\\manrisk_dev\\app\\Views\\home\\dash.php')
 5 SYSTEMPATH\View\View.php(237): CodeIgniter\View\View->CodeIgniter\View\{closure}()
 6 SYSTEMPATH\Common.php(1171): CodeIgniter\View\View->render('home/dash', [], true)
 7 APPPATH\Controllers\Home.php(24): view('home/dash')
 8 SYSTEMPATH\CodeIgniter.php(933): App\Controllers\Home->index()
 9 SYSTEMPATH\CodeIgniter.php(509): CodeIgniter\CodeIgniter->runController(Object(App\Controllers\Home))
10 SYSTEMPATH\CodeIgniter.php(355): CodeIgniter\CodeIgniter->handleRequest(null, Object(Config\Cache), false)
11 SYSTEMPATH\Boot.php(325): CodeIgniter\CodeIgniter->run()
12 SYSTEMPATH\Boot.php(67): CodeIgniter\Boot::runCodeIgniter(Object(CodeIgniter\CodeIgniter))
13 FCPATH\index.php(56): CodeIgniter\Boot::bootWeb(Object(Config\Paths))
CRITICAL - 2024-12-20 05:03:01 --> CodeIgniter\Cache\Exceptions\CacheException: Cache config must have a handler and backupHandler set.
[Method: GET, Route: /]
in SYSTEMPATH\Cache\CacheFactory.php on line 57.
 1 SYSTEMPATH\Cache\CacheFactory.php(57): CodeIgniter\Cache\Exceptions\CacheException::forNoBackup()
 2 SYSTEMPATH\Config\Services.php(129): CodeIgniter\Cache\CacheFactory::getHandler(Object(Config\Cache))
 3 SYSTEMPATH\Config\BaseService.php(312): CodeIgniter\Config\Services::cache(Object(Config\Cache), false)
 4 SYSTEMPATH\Config\BaseService.php(251): CodeIgniter\Config\BaseService::__callStatic('cache', [...])
 5 SYSTEMPATH\Config\Services.php(124): CodeIgniter\Config\BaseService::getSharedInstance('cache', null)
 6 SYSTEMPATH\Config\BaseService.php(321): CodeIgniter\Config\Services::cache()
 7 SYSTEMPATH\Config\BaseService.php(202): CodeIgniter\Config\BaseService::__callStatic('cache', [])
 8 SYSTEMPATH\Config\Services.php(454): CodeIgniter\Config\BaseService::get('cache')
 9 SYSTEMPATH\Config\BaseService.php(312): CodeIgniter\Config\Services::responsecache(Object(Config\Cache), null, false)
10 SYSTEMPATH\Config\BaseService.php(251): CodeIgniter\Config\BaseService::__callStatic('responsecache', [...])
11 SYSTEMPATH\Config\Services.php(450): CodeIgniter\Config\BaseService::getSharedInstance('responsecache', null, null)
12 SYSTEMPATH\Config\BaseService.php(321): CodeIgniter\Config\Services::responsecache()
13 SYSTEMPATH\CodeIgniter.php(179): CodeIgniter\Config\BaseService::__callStatic('responsecache', [])
14 SYSTEMPATH\Config\Services.php(164): CodeIgniter\CodeIgniter->__construct(Object(Config\App))
15 SYSTEMPATH\Config\BaseService.php(321): CodeIgniter\Config\Services::codeigniter(Object(Config\App), false)
16 SYSTEMPATH\Config\BaseService.php(251): CodeIgniter\Config\BaseService::__callStatic('codeigniter', [...])
17 SYSTEMPATH\Config\Services.php(159): CodeIgniter\Config\BaseService::getSharedInstance('codeigniter', null)
18 SYSTEMPATH\Boot.php(311): CodeIgniter\Config\Services::codeigniter()
19 SYSTEMPATH\Boot.php(66): CodeIgniter\Boot::initializeCodeIgniter()
20 FCPATH\index.php(56): CodeIgniter\Boot::bootWeb(Object(Config\Paths))
CRITICAL - 2024-12-20 04:10:54 --> ParseError: syntax error, unexpected identifier "id"
[Method: GET, Route: /]
in APPPATH\Views\home\dash.php on line 8.
 1 SYSTEMPATH\View\View.php(237): CodeIgniter\View\View->CodeIgniter\View\{closure}()
 2 SYSTEMPATH\Common.php(1171): CodeIgniter\View\View->render('home/dash', [], true)
 3 APPPATH\Controllers\Home.php(24): view('home/dash')
 4 SYSTEMPATH\CodeIgniter.php(933): App\Controllers\Home->index()
 5 SYSTEMPATH\CodeIgniter.php(509): CodeIgniter\CodeIgniter->runController(Object(App\Controllers\Home))
 6 SYSTEMPATH\CodeIgniter.php(355): CodeIgniter\CodeIgniter->handleRequest(null, Object(Config\Cache), false)
 7 SYSTEMPATH\Boot.php(325): CodeIgniter\CodeIgniter->run()
 8 SYSTEMPATH\Boot.php(67): CodeIgniter\Boot::runCodeIgniter(Object(CodeIgniter\CodeIgniter))
 9 FCPATH\index.php(56): CodeIgniter\Boot::bootWeb(Object(Config\Paths))
CRITICAL - 2024-12-20 04:12:34 --> ParseError: syntax error, unexpected token ";", expecting ")"
[Method: GET, Route: /]
in APPPATH\Views\home\dash.php on line 7.
 1 SYSTEMPATH\View\View.php(237): CodeIgniter\View\View->CodeIgniter\View\{closure}()
 2 SYSTEMPATH\Common.php(1171): CodeIgniter\View\View->render('home/dash', [], true)
 3 APPPATH\Controllers\Home.php(24): view('home/dash')
 4 SYSTEMPATH\CodeIgniter.php(933): App\Controllers\Home->index()
 5 SYSTEMPATH\CodeIgniter.php(509): CodeIgniter\CodeIgniter->runController(Object(App\Controllers\Home))
 6 SYSTEMPATH\CodeIgniter.php(355): CodeIgniter\CodeIgniter->handleRequest(null, Object(Config\Cache), false)
 7 SYSTEMPATH\Boot.php(325): CodeIgniter\CodeIgniter->run()
 8 SYSTEMPATH\Boot.php(67): CodeIgniter\Boot::runCodeIgniter(Object(CodeIgniter\CodeIgniter))
 9 FCPATH\index.php(56): CodeIgniter\Boot::bootWeb(Object(Config\Paths))
CRITICAL - 2024-12-20 04:21:57 --> CodeIgniter\View\Exceptions\ViewException: Invalid file: "layout/sidebar.php"
[Method: GET, Route: /]
in SYSTEMPATH\Exceptions\FrameworkException.php on line 41.
 1 SYSTEMPATH\View\View.php(222): CodeIgniter\Exceptions\FrameworkException::forInvalidFile('layout/sidebar.php')
 2 SYSTEMPATH\View\View.php(487): CodeIgniter\View\View->render('layout/sidebar', null, true)
 3 APPPATH\Views\home\dash.php(5): CodeIgniter\View\View->include('layout/sidebar')
 4 SYSTEMPATH\View\View.php(234): include('C:\\xampp\\htdocs\\lenggo\\manrisk_dev\\app\\Views\\home\\dash.php')
 5 SYSTEMPATH\View\View.php(237): CodeIgniter\View\View->CodeIgniter\View\{closure}()
 6 SYSTEMPATH\Common.php(1171): CodeIgniter\View\View->render('home/dash', [], true)
 7 APPPATH\Controllers\Home.php(24): view('home/dash')
 8 SYSTEMPATH\CodeIgniter.php(933): App\Controllers\Home->index()
 9 SYSTEMPATH\CodeIgniter.php(509): CodeIgniter\CodeIgniter->runController(Object(App\Controllers\Home))
10 SYSTEMPATH\CodeIgniter.php(355): CodeIgniter\CodeIgniter->handleRequest(null, Object(Config\Cache), false)
11 SYSTEMPATH\Boot.php(325): CodeIgniter\CodeIgniter->run()
12 SYSTEMPATH\Boot.php(67): CodeIgniter\Boot::runCodeIgniter(Object(CodeIgniter\CodeIgniter))
13 FCPATH\index.php(56): CodeIgniter\Boot::bootWeb(Object(Config\Paths))
CRITICAL - 2024-12-20 04:25:18 --> ParseError: syntax error, unexpected token "<", expecting end of file
[Method: GET, Route: /]
in APPPATH\Views\layout\sidebar.php on line 6.
 1 SYSTEMPATH\View\View.php(237): CodeIgniter\View\View->CodeIgniter\View\{closure}()
 2 SYSTEMPATH\Common.php(1171): CodeIgniter\View\View->render('layout/sidebar', [], true)
 3 APPPATH\Views\home\dash.php(6): view('layout/sidebar')
 4 SYSTEMPATH\View\View.php(234): include('C:\\xampp\\htdocs\\lenggo\\manrisk_dev\\app\\Views\\home\\dash.php')
 5 SYSTEMPATH\View\View.php(237): CodeIgniter\View\View->CodeIgniter\View\{closure}()
 6 SYSTEMPATH\Common.php(1171): CodeIgniter\View\View->render('home/dash', [], true)
 7 APPPATH\Controllers\Home.php(24): view('home/dash')
 8 SYSTEMPATH\CodeIgniter.php(933): App\Controllers\Home->index()
 9 SYSTEMPATH\CodeIgniter.php(509): CodeIgniter\CodeIgniter->runController(Object(App\Controllers\Home))
10 SYSTEMPATH\CodeIgniter.php(355): CodeIgniter\CodeIgniter->handleRequest(null, Object(Config\Cache), false)
11 SYSTEMPATH\Boot.php(325): CodeIgniter\CodeIgniter->run()
12 SYSTEMPATH\Boot.php(67): CodeIgniter\Boot::runCodeIgniter(Object(CodeIgniter\CodeIgniter))
13 FCPATH\index.php(56): CodeIgniter\Boot::bootWeb(Object(Config\Paths))
CRITICAL - 2024-12-20 04:25:23 --> Error: Undefined constant "base_url"
[Method: GET, Route: /]
in APPPATH\Views\layout\sidebar.php on line 3.
 1 SYSTEMPATH\View\View.php(234): include()
 2 SYSTEMPATH\View\View.php(237): CodeIgniter\View\View->CodeIgniter\View\{closure}()
 3 SYSTEMPATH\Common.php(1171): CodeIgniter\View\View->render('layout/sidebar', [], true)
 4 APPPATH\Views\home\dash.php(6): view('layout/sidebar')
 5 SYSTEMPATH\View\View.php(234): include('C:\\xampp\\htdocs\\lenggo\\manrisk_dev\\app\\Views\\home\\dash.php')
 6 SYSTEMPATH\View\View.php(237): CodeIgniter\View\View->CodeIgniter\View\{closure}()
 7 SYSTEMPATH\Common.php(1171): CodeIgniter\View\View->render('home/dash', [], true)
 8 APPPATH\Controllers\Home.php(24): view('home/dash')
 9 SYSTEMPATH\CodeIgniter.php(933): App\Controllers\Home->index()
10 SYSTEMPATH\CodeIgniter.php(509): CodeIgniter\CodeIgniter->runController(Object(App\Controllers\Home))
11 SYSTEMPATH\CodeIgniter.php(355): CodeIgniter\CodeIgniter->handleRequest(null, Object(Config\Cache), false)
12 SYSTEMPATH\Boot.php(325): CodeIgniter\CodeIgniter->run()
13 SYSTEMPATH\Boot.php(67): CodeIgniter\Boot::runCodeIgniter(Object(CodeIgniter\CodeIgniter))
14 FCPATH\index.php(56): CodeIgniter\Boot::bootWeb(Object(Config\Paths))
CRITICAL - 2024-12-20 04:26:05 --> Error: Call to undefined function var_dum()
[Method: GET, Route: /]
in APPPATH\Views\layout\sidebar.php on line 3.
 1 SYSTEMPATH\View\View.php(234): include()
 2 SYSTEMPATH\View\View.php(237): CodeIgniter\View\View->CodeIgniter\View\{closure}()
 3 SYSTEMPATH\Common.php(1171): CodeIgniter\View\View->render('layout/sidebar', [], true)
 4 APPPATH\Views\home\dash.php(6): view('layout/sidebar')
 5 SYSTEMPATH\View\View.php(234): include('C:\\xampp\\htdocs\\lenggo\\manrisk_dev\\app\\Views\\home\\dash.php')
 6 SYSTEMPATH\View\View.php(237): CodeIgniter\View\View->CodeIgniter\View\{closure}()
 7 SYSTEMPATH\Common.php(1171): CodeIgniter\View\View->render('home/dash', [], true)
 8 APPPATH\Controllers\Home.php(24): view('home/dash')
 9 SYSTEMPATH\CodeIgniter.php(933): App\Controllers\Home->index()
10 SYSTEMPATH\CodeIgniter.php(509): CodeIgniter\CodeIgniter->runController(Object(App\Controllers\Home))
11 SYSTEMPATH\CodeIgniter.php(355): CodeIgniter\CodeIgniter->handleRequest(null, Object(Config\Cache), false)
12 SYSTEMPATH\Boot.php(325): CodeIgniter\CodeIgniter->run()
13 SYSTEMPATH\Boot.php(67): CodeIgniter\Boot::runCodeIgniter(Object(CodeIgniter\CodeIgniter))
14 FCPATH\index.php(56): CodeIgniter\Boot::bootWeb(Object(Config\Paths))
CRITICAL - 2024-12-20 04:26:35 --> Error: Undefined constant "base_url"
[Method: GET, Route: /]
in APPPATH\Views\layout\sidebar.php on line 3.
 1 SYSTEMPATH\View\View.php(234): include()
 2 SYSTEMPATH\View\View.php(237): CodeIgniter\View\View->CodeIgniter\View\{closure}()
 3 SYSTEMPATH\Common.php(1171): CodeIgniter\View\View->render('layout/sidebar', [], true)
 4 APPPATH\Views\home\dash.php(6): view('layout/sidebar')
 5 SYSTEMPATH\View\View.php(234): include('C:\\xampp\\htdocs\\lenggo\\manrisk_dev\\app\\Views\\home\\dash.php')
 6 SYSTEMPATH\View\View.php(237): CodeIgniter\View\View->CodeIgniter\View\{closure}()
 7 SYSTEMPATH\Common.php(1171): CodeIgniter\View\View->render('home/dash', [], true)
 8 APPPATH\Controllers\Home.php(24): view('home/dash')
 9 SYSTEMPATH\CodeIgniter.php(933): App\Controllers\Home->index()
10 SYSTEMPATH\CodeIgniter.php(509): CodeIgniter\CodeIgniter->runController(Object(App\Controllers\Home))
11 SYSTEMPATH\CodeIgniter.php(355): CodeIgniter\CodeIgniter->handleRequest(null, Object(Config\Cache), false)
12 SYSTEMPATH\Boot.php(325): CodeIgniter\CodeIgniter->run()
13 SYSTEMPATH\Boot.php(67): CodeIgniter\Boot::runCodeIgniter(Object(CodeIgniter\CodeIgniter))
14 FCPATH\index.php(56): CodeIgniter\Boot::bootWeb(Object(Config\Paths))
CRITICAL - 2024-12-20 04:27:04 --> Error: Undefined constant "base_url"
[Method: GET, Route: /]
in APPPATH\Views\layout\sidebar.php on line 3.
 1 SYSTEMPATH\View\View.php(234): include()
 2 SYSTEMPATH\View\View.php(237): CodeIgniter\View\View->CodeIgniter\View\{closure}()
 3 SYSTEMPATH\Common.php(1171): CodeIgniter\View\View->render('layout/sidebar', [], true)
 4 APPPATH\Views\home\dash.php(6): view('layout/sidebar')
 5 SYSTEMPATH\View\View.php(234): include('C:\\xampp\\htdocs\\lenggo\\manrisk_dev\\app\\Views\\home\\dash.php')
 6 SYSTEMPATH\View\View.php(237): CodeIgniter\View\View->CodeIgniter\View\{closure}()
 7 SYSTEMPATH\Common.php(1171): CodeIgniter\View\View->render('home/dash', [], true)
 8 APPPATH\Controllers\Home.php(24): view('home/dash')
 9 SYSTEMPATH\CodeIgniter.php(933): App\Controllers\Home->index()
10 SYSTEMPATH\CodeIgniter.php(509): CodeIgniter\CodeIgniter->runController(Object(App\Controllers\Home))
11 SYSTEMPATH\CodeIgniter.php(355): CodeIgniter\CodeIgniter->handleRequest(null, Object(Config\Cache), false)
12 SYSTEMPATH\Boot.php(325): CodeIgniter\CodeIgniter->run()
13 SYSTEMPATH\Boot.php(67): CodeIgniter\Boot::runCodeIgniter(Object(CodeIgniter\CodeIgniter))
14 FCPATH\index.php(56): CodeIgniter\Boot::bootWeb(Object(Config\Paths))
