WARNING - 2025-02-14 02:04:54 --> [DEPRECATED] Creation of dynamic property App\Controllers\DataUmum::$dataUmumModel is deprecated in APPPATH\Controllers\DataUmum.php on line 14.
 1 SYSTEMPATH\CodeIgniter.php(903): App\Controllers\DataUmum->__construct()
 2 SYSTEMPATH\CodeIgniter.php(500): CodeIgniter\CodeIgniter->createController()
 3 SYSTEMPATH\CodeIgniter.php(355): CodeIgniter\CodeIgniter->handleRequest(null, Object(Config\Cache), false)
 4 SYSTEMPATH\Boot.php(325): CodeIgniter\CodeIgniter->run()
 5 SYSTEMPATH\Boot.php(67): CodeIgniter\Boot::runCodeIgniter(Object(CodeIgniter\CodeIgniter))
 6 FCPATH\index.php(56): CodeIgniter\Boot::bootWeb(Object(Config\Paths))
INFO - 2025-02-14 02:04:54 --> Session: Class initialized using 'CodeIgniter\Session\Handlers\FileHandler' driver.
WARNING - 2025-02-14 03:50:32 --> [DEPRECATED] Creation of dynamic property App\Controllers\ManajemenPengguna::$manajemenPenggunaModel is deprecated in APPPATH\Controllers\ManajemenPengguna.php on line 14.
 1 SYSTEMPATH\CodeIgniter.php(903): App\Controllers\ManajemenPengguna->__construct()
 2 SYSTEMPATH\CodeIgniter.php(500): CodeIgniter\CodeIgniter->createController()
 3 SYSTEMPATH\CodeIgniter.php(355): CodeIgniter\CodeIgniter->handleRequest(null, Object(Config\Cache), false)
 4 SYSTEMPATH\Boot.php(325): CodeIgniter\CodeIgniter->run()
 5 SYSTEMPATH\Boot.php(67): CodeIgniter\Boot::runCodeIgniter(Object(CodeIgniter\CodeIgniter))
 6 FCPATH\index.php(56): CodeIgniter\Boot::bootWeb(Object(Config\Paths))
WARNING - 2025-02-14 09:14:51 --> [DEPRECATED] Creation of dynamic property App\Controllers\DataUmum::$dataUmumModel is deprecated in APPPATH\Controllers\DataUmum.php on line 14.
 1 SYSTEMPATH\CodeIgniter.php(903): App\Controllers\DataUmum->__construct()
 2 SYSTEMPATH\CodeIgniter.php(500): CodeIgniter\CodeIgniter->createController()
 3 SYSTEMPATH\CodeIgniter.php(355): CodeIgniter\CodeIgniter->handleRequest(null, Object(Config\Cache), false)
 4 SYSTEMPATH\Boot.php(325): CodeIgniter\CodeIgniter->run()
 5 SYSTEMPATH\Boot.php(67): CodeIgniter\Boot::runCodeIgniter(Object(CodeIgniter\CodeIgniter))
 6 FCPATH\index.php(56): CodeIgniter\Boot::bootWeb(Object(Config\Paths))
INFO - 2025-02-14 09:14:51 --> Session: Class initialized using 'CodeIgniter\Session\Handlers\FileHandler' driver.
WARNING - 2025-02-14 09:20:13 --> [DEPRECATED] Creation of dynamic property App\Controllers\DataUmum::$dataUmumModel is deprecated in APPPATH\Controllers\DataUmum.php on line 14.
 1 SYSTEMPATH\CodeIgniter.php(903): App\Controllers\DataUmum->__construct()
 2 SYSTEMPATH\CodeIgniter.php(500): CodeIgniter\CodeIgniter->createController()
 3 SYSTEMPATH\CodeIgniter.php(355): CodeIgniter\CodeIgniter->handleRequest(null, Object(Config\Cache), false)
 4 SYSTEMPATH\Boot.php(325): CodeIgniter\CodeIgniter->run()
 5 SYSTEMPATH\Boot.php(67): CodeIgniter\Boot::runCodeIgniter(Object(CodeIgniter\CodeIgniter))
 6 FCPATH\index.php(56): CodeIgniter\Boot::bootWeb(Object(Config\Paths))
INFO - 2025-02-14 09:20:14 --> Session: Class initialized using 'CodeIgniter\Session\Handlers\FileHandler' driver.
WARNING - 2025-02-14 09:20:16 --> [DEPRECATED] Creation of dynamic property App\Controllers\DataUmum::$dataUmumModel is deprecated in APPPATH\Controllers\DataUmum.php on line 14.
 1 SYSTEMPATH\CodeIgniter.php(903): App\Controllers\DataUmum->__construct()
 2 SYSTEMPATH\CodeIgniter.php(500): CodeIgniter\CodeIgniter->createController()
 3 SYSTEMPATH\CodeIgniter.php(355): CodeIgniter\CodeIgniter->handleRequest(null, Object(Config\Cache), false)
 4 SYSTEMPATH\Boot.php(325): CodeIgniter\CodeIgniter->run()
 5 SYSTEMPATH\Boot.php(67): CodeIgniter\Boot::runCodeIgniter(Object(CodeIgniter\CodeIgniter))
 6 FCPATH\index.php(56): CodeIgniter\Boot::bootWeb(Object(Config\Paths))
INFO - 2025-02-14 09:20:17 --> Session: Class initialized using 'CodeIgniter\Session\Handlers\FileHandler' driver.
WARNING - 2025-02-14 09:20:17 --> [DEPRECATED] Creation of dynamic property App\Controllers\DataUmum::$dataUmumModel is deprecated in APPPATH\Controllers\DataUmum.php on line 14.
 1 SYSTEMPATH\CodeIgniter.php(903): App\Controllers\DataUmum->__construct()
 2 SYSTEMPATH\CodeIgniter.php(500): CodeIgniter\CodeIgniter->createController()
 3 SYSTEMPATH\CodeIgniter.php(355): CodeIgniter\CodeIgniter->handleRequest(null, Object(Config\Cache), false)
 4 SYSTEMPATH\Boot.php(325): CodeIgniter\CodeIgniter->run()
 5 SYSTEMPATH\Boot.php(67): CodeIgniter\Boot::runCodeIgniter(Object(CodeIgniter\CodeIgniter))
 6 FCPATH\index.php(56): CodeIgniter\Boot::bootWeb(Object(Config\Paths))
INFO - 2025-02-14 09:20:18 --> Session: Class initialized using 'CodeIgniter\Session\Handlers\FileHandler' driver.
CRITICAL - 2025-02-14 09:59:53 --> ErrorException: Undefined array key "Uraian_PEngendalian"
[Method: GET, Route: table-penilaian-risiko]
in APPPATH\Views\penilaian_risiko\index_satker.php on line 114.
 1 APPPATH\Views\penilaian_risiko\index_satker.php(114): CodeIgniter\Debug\Exceptions->errorHandler(2, 'Undefined array key "Uraian_PEngendalian"', 'C:\\xampp\\htdocs\\lenggo\\manrisk_dev\\app\\Views\\penilaian_risiko\\index_satker.php', 114)
 2 SYSTEMPATH\View\View.php(234): include('C:\\xampp\\htdocs\\lenggo\\manrisk_dev\\app\\Views\\penilaian_risiko\\index_satker.php')
 3 SYSTEMPATH\View\View.php(237): CodeIgniter\View\View->CodeIgniter\View\{closure}()
 4 SYSTEMPATH\Common.php(1171): CodeIgniter\View\View->render('penilaian_risiko/index_satker', [], true)
 5 APPPATH\Controllers\PenilaianRisiko.php(21): view('penilaian_risiko/index_satker', [...])
 6 SYSTEMPATH\CodeIgniter.php(933): App\Controllers\PenilaianRisiko->index_satker()
 7 SYSTEMPATH\CodeIgniter.php(509): CodeIgniter\CodeIgniter->runController(Object(App\Controllers\PenilaianRisiko))
 8 SYSTEMPATH\CodeIgniter.php(355): CodeIgniter\CodeIgniter->handleRequest(null, Object(Config\Cache), false)
 9 SYSTEMPATH\Boot.php(325): CodeIgniter\CodeIgniter->run()
10 SYSTEMPATH\Boot.php(67): CodeIgniter\Boot::runCodeIgniter(Object(CodeIgniter\CodeIgniter))
11 FCPATH\index.php(56): CodeIgniter\Boot::bootWeb(Object(Config\Paths))
CRITICAL - 2025-02-14 09:59:55 --> ErrorException: Undefined array key "Uraian_PEngendalian"
[Method: GET, Route: table-penilaian-risiko]
in APPPATH\Views\penilaian_risiko\index_satker.php on line 114.
 1 APPPATH\Views\penilaian_risiko\index_satker.php(114): CodeIgniter\Debug\Exceptions->errorHandler(2, 'Undefined array key "Uraian_PEngendalian"', 'C:\\xampp\\htdocs\\lenggo\\manrisk_dev\\app\\Views\\penilaian_risiko\\index_satker.php', 114)
 2 SYSTEMPATH\View\View.php(234): include('C:\\xampp\\htdocs\\lenggo\\manrisk_dev\\app\\Views\\penilaian_risiko\\index_satker.php')
 3 SYSTEMPATH\View\View.php(237): CodeIgniter\View\View->CodeIgniter\View\{closure}()
 4 SYSTEMPATH\Common.php(1171): CodeIgniter\View\View->render('penilaian_risiko/index_satker', [], true)
 5 APPPATH\Controllers\PenilaianRisiko.php(21): view('penilaian_risiko/index_satker', [...])
 6 SYSTEMPATH\CodeIgniter.php(933): App\Controllers\PenilaianRisiko->index_satker()
 7 SYSTEMPATH\CodeIgniter.php(509): CodeIgniter\CodeIgniter->runController(Object(App\Controllers\PenilaianRisiko))
 8 SYSTEMPATH\CodeIgniter.php(355): CodeIgniter\CodeIgniter->handleRequest(null, Object(Config\Cache), false)
 9 SYSTEMPATH\Boot.php(325): CodeIgniter\CodeIgniter->run()
10 SYSTEMPATH\Boot.php(67): CodeIgniter\Boot::runCodeIgniter(Object(CodeIgniter\CodeIgniter))
11 FCPATH\index.php(56): CodeIgniter\Boot::bootWeb(Object(Config\Paths))
